Namespace(env_name='BreakoutDeterministic-v4', gamma=0.99, load_dir=None, lr=0.0001, max_episode_length=10000, model_name='breakout-deadTerm-noskip-run3', no_shared=False, num_processes=16, num_skips=0, num_steps=20, seed=1, tau=1.0, testing=False)
[2017-08-16 01:14:14,552] Making new env: BreakoutDeterministic-v4
[2017-08-16 01:14:14,820] Making new env: BreakoutDeterministic-v4
[2017-08-16 01:14:14,822] Making new env: BreakoutDeterministic-v4
[2017-08-16 01:14:14,824] Making new env: BreakoutDeterministic-v4
[2017-08-16 01:14:14,826] Making new env: BreakoutDeterministic-v4
[2017-08-16 01:14:14,828] Making new env: BreakoutDeterministic-v4
[2017-08-16 01:14:14,830] Making new env: BreakoutDeterministic-v4
[2017-08-16 01:14:14,832] Making new env: BreakoutDeterministic-v4
[2017-08-16 01:14:14,834] Making new env: BreakoutDeterministic-v4
[2017-08-16 01:14:14,836] Making new env: BreakoutDeterministic-v4
[2017-08-16 01:14:14,838] Making new env: BreakoutDeterministic-v4
[2017-08-16 01:14:14,841] Making new env: BreakoutDeterministic-v4
[2017-08-16 01:14:14,843] Making new env: BreakoutDeterministic-v4
[2017-08-16 01:14:14,845] Making new env: BreakoutDeterministic-v4
[2017-08-16 01:14:14,847] Making new env: BreakoutDeterministic-v4
[2017-08-16 01:14:14,849] Making new env: BreakoutDeterministic-v4
[2017-08-16 01:14:14,851] Making new env: BreakoutDeterministic-v4
[2017-08-16 01:14:14,853] Making new env: BreakoutDeterministic-v4
saved model
Time 00h 00m 23s, episode reward 0.0, episode length 10001
actions stats real [0, 0, 10001, 0], aux []
saved model
Time 00h 01m 46s, episode reward 0.0, episode length 10001
actions stats real [0, 0, 0, 10001], aux []
saved model
Time 00h 03m 09s, episode reward 0.0, episode length 10001
actions stats real [0, 0, 0, 10001], aux []
saved model
Time 00h 04m 33s, episode reward 0.0, episode length 10001
actions stats real [0, 0, 0, 10001], aux []
saved model
Time 00h 05m 34s, episode reward 11.0, episode length 284
actions stats real [0, 128, 46, 110], aux []
saved model
Time 00h 06m 57s, episode reward 3.0, episode length 10001
actions stats real [0, 63, 4960, 4978], aux []
saved model
Time 00h 07m 58s, episode reward 7.0, episode length 419
actions stats real [0, 120, 132, 167], aux []
saved model
Time 00h 09m 00s, episode reward 10.0, episode length 363
actions stats real [0, 159, 80, 124], aux []
saved model
Time 00h 10m 01s, episode reward 13.0, episode length 491
actions stats real [0, 204, 129, 158], aux []
saved model
Time 00h 11m 02s, episode reward 20.0, episode length 463
actions stats real [0, 151, 120, 192], aux []
saved model
Time 00h 12m 26s, episode reward 3.0, episode length 10001
actions stats real [0, 35, 4982, 4984], aux []
saved model
Time 00h 13m 27s, episode reward 5.0, episode length 292
actions stats real [0, 144, 55, 93], aux []
saved model
Time 00h 14m 50s, episode reward 3.0, episode length 10001
actions stats real [5, 21, 4985, 4990], aux []
saved model
Time 00h 15m 51s, episode reward 11.0, episode length 398
actions stats real [0, 228, 59, 111], aux []
saved model
Time 00h 17m 15s, episode reward 18.0, episode length 10001
actions stats real [3, 139, 4920, 4939], aux []
saved model
Time 00h 18m 17s, episode reward 26.0, episode length 723
actions stats real [95, 158, 219, 251], aux []
saved model
Time 00h 19m 18s, episode reward 12.0, episode length 487
actions stats real [72, 171, 101, 143], aux []
saved model
Time 00h 20m 20s, episode reward 41.0, episode length 808
actions stats real [120, 235, 221, 232], aux []
saved model
Time 00h 21m 44s, episode reward 7.0, episode length 10001
actions stats real [13, 34, 4978, 4976], aux []
saved model
Time 00h 22m 45s, episode reward 24.0, episode length 660
actions stats real [3, 124, 242, 291], aux []
saved model
Time 00h 24m 09s, episode reward 18.0, episode length 10001
actions stats real [61, 89, 4906, 4945], aux []
saved model
Time 00h 25m 10s, episode reward 13.0, episode length 540
actions stats real [6, 293, 120, 121], aux []
saved model
Time 00h 26m 13s, episode reward 26.0, episode length 942
actions stats real [17, 503, 198, 224], aux []
saved model
Time 00h 27m 15s, episode reward 24.0, episode length 701
actions stats real [73, 295, 162, 171], aux []
saved model
Time 00h 28m 17s, episode reward 32.0, episode length 816
actions stats real [300, 185, 150, 181], aux []
saved model
Time 00h 29m 20s, episode reward 40.0, episode length 1093
actions stats real [91, 397, 235, 370], aux []
saved model
Time 00h 30m 23s, episode reward 44.0, episode length 1221
actions stats real [75, 485, 270, 391], aux []
saved model
Time 00h 31m 25s, episode reward 33.0, episode length 901
actions stats real [443, 20, 210, 228], aux []
saved model
Time 00h 32m 28s, episode reward 50.0, episode length 1217
actions stats real [60, 360, 273, 524], aux []
saved model
Time 00h 33m 31s, episode reward 64.0, episode length 1192
actions stats real [7, 629, 241, 315], aux []
saved model
Time 00h 34m 34s, episode reward 68.0, episode length 1110
actions stats real [25, 475, 182, 428], aux []
saved model
Time 00h 35m 37s, episode reward 61.0, episode length 1184
actions stats real [51, 582, 213, 338], aux []
saved model
Time 00h 36m 39s, episode reward 14.0, episode length 624
actions stats real [30, 347, 113, 134], aux []
saved model
Time 00h 37m 42s, episode reward 46.0, episode length 1195
actions stats real [163, 331, 215, 486], aux []
saved model
Time 00h 38m 44s, episode reward 65.0, episode length 979
actions stats real [41, 282, 301, 355], aux []
saved model
Time 00h 39m 48s, episode reward 70.0, episode length 1305
actions stats real [363, 217, 300, 425], aux []
saved model
Time 00h 40m 51s, episode reward 97.0, episode length 1371
actions stats real [497, 299, 248, 327], aux []
saved model
Time 00h 41m 55s, episode reward 80.0, episode length 1456
actions stats real [534, 414, 238, 270], aux []
saved model
Time 00h 42m 58s, episode reward 59.0, episode length 1161
actions stats real [50, 587, 225, 299], aux []
saved model
Time 00h 44m 01s, episode reward 64.0, episode length 1281
actions stats real [161, 323, 323, 474], aux []
saved model
Time 00h 45m 05s, episode reward 119.0, episode length 1449
actions stats real [162, 421, 414, 452], aux []
saved model
Time 00h 46m 08s, episode reward 69.0, episode length 1166
actions stats real [447, 229, 201, 289], aux []
saved model
Time 00h 47m 12s, episode reward 104.0, episode length 1546
actions stats real [631, 203, 341, 371], aux []
saved model
Time 00h 48m 15s, episode reward 67.0, episode length 1373
actions stats real [381, 347, 236, 409], aux []
saved model
Time 00h 49m 19s, episode reward 116.0, episode length 1648
actions stats real [179, 307, 485, 677], aux []
saved model
Time 00h 50m 22s, episode reward 76.0, episode length 1196
actions stats real [113, 194, 356, 533], aux []
saved model
Time 00h 51m 26s, episode reward 74.0, episode length 1313
actions stats real [380, 334, 235, 364], aux []
saved model
Time 00h 52m 29s, episode reward 74.0, episode length 1443
actions stats real [571, 301, 237, 334], aux []
saved model
Time 00h 53m 33s, episode reward 88.0, episode length 1371
actions stats real [69, 763, 238, 301], aux []
saved model
Time 00h 54m 36s, episode reward 81.0, episode length 1366
actions stats real [30, 593, 351, 392], aux []
saved model
Time 00h 55m 40s, episode reward 103.0, episode length 1629
actions stats real [257, 198, 514, 660], aux []
saved model
Time 00h 57m 03s, episode reward 306.0, episode length 10001
actions stats real [91, 685, 4510, 4715], aux []
saved model
Time 00h 58m 07s, episode reward 213.0, episode length 1558
actions stats real [555, 431, 233, 339], aux []
saved model
Time 00h 59m 30s, episode reward 251.0, episode length 10001
actions stats real [12, 600, 271, 9118], aux []
saved model
Time 01h 00m 33s, episode reward 84.0, episode length 1311
actions stats real [139, 254, 364, 554], aux []
saved model
Time 01h 01m 36s, episode reward 59.0, episode length 1268
actions stats real [567, 284, 205, 212], aux []
saved model
Time 01h 02m 40s, episode reward 100.0, episode length 1392
actions stats real [159, 581, 271, 381], aux []
saved model
Time 01h 03m 44s, episode reward 106.0, episode length 1745
actions stats real [214, 931, 276, 324], aux []
saved model
Time 01h 04m 48s, episode reward 69.0, episode length 1385
actions stats real [551, 431, 194, 209], aux []
saved model
Time 01h 05m 50s, episode reward 33.0, episode length 887
actions stats real [524, 165, 98, 100], aux []
saved model
Time 01h 06m 53s, episode reward 38.0, episode length 955
actions stats real [210, 174, 266, 305], aux []
saved model
Time 01h 07m 56s, episode reward 74.0, episode length 1435
actions stats real [304, 391, 345, 395], aux []
saved model
Time 01h 09m 00s, episode reward 106.0, episode length 1658
actions stats real [280, 390, 442, 546], aux []
saved model
Time 01h 10m 03s, episode reward 58.0, episode length 944
actions stats real [155, 426, 162, 201], aux []
saved model
Time 01h 11m 06s, episode reward 144.0, episode length 1269
actions stats real [457, 338, 207, 267], aux []
saved model
Time 01h 12m 30s, episode reward 250.0, episode length 10001
actions stats real [8805, 219, 365, 612], aux []
saved model
Time 01h 13m 34s, episode reward 196.0, episode length 1894
actions stats real [629, 337, 388, 540], aux []
saved model
Time 01h 14m 37s, episode reward 44.0, episode length 1024
actions stats real [268, 428, 155, 173], aux []
saved model
Time 01h 15m 40s, episode reward 126.0, episode length 1114
actions stats real [47, 604, 189, 274], aux []
saved model
Time 01h 16m 44s, episode reward 247.0, episode length 1673
actions stats real [741, 362, 229, 341], aux []
saved model
Time 01h 17m 47s, episode reward 136.0, episode length 1385
actions stats real [773, 83, 252, 277], aux []
saved model
Time 01h 18m 52s, episode reward 320.0, episode length 1731
actions stats real [472, 464, 343, 452], aux []
saved model
Time 01h 19m 56s, episode reward 334.0, episode length 1603
actions stats real [325, 647, 300, 331], aux []
saved model
Time 01h 21m 00s, episode reward 87.0, episode length 1576
actions stats real [35, 1018, 189, 334], aux []
saved model
Time 01h 22m 23s, episode reward 290.0, episode length 10001
actions stats real [8817, 275, 373, 536], aux []
saved model
Time 01h 23m 26s, episode reward 115.0, episode length 1526
actions stats real [206, 769, 243, 308], aux []
saved model
Time 01h 24m 31s, episode reward 306.0, episode length 1661
actions stats real [30, 372, 431, 828], aux []
saved model
Time 01h 25m 34s, episode reward 135.0, episode length 1429
actions stats real [225, 553, 270, 381], aux []
saved model
Time 01h 26m 38s, episode reward 103.0, episode length 1568
actions stats real [65, 872, 294, 337], aux []
saved model
Time 01h 27m 43s, episode reward 235.0, episode length 1840
actions stats real [579, 660, 254, 347], aux []
saved model
Time 01h 28m 47s, episode reward 144.0, episode length 1676
actions stats real [39, 1026, 256, 355], aux []
saved model
Time 01h 29m 51s, episode reward 102.0, episode length 1560
actions stats real [164, 699, 326, 371], aux []
saved model
Time 01h 30m 54s, episode reward 99.0, episode length 1447
actions stats real [72, 1012, 178, 185], aux []
saved model
Time 01h 31m 57s, episode reward 62.0, episode length 1029
actions stats real [260, 428, 163, 178], aux []
saved model
Time 01h 33m 00s, episode reward 33.0, episode length 1022
actions stats real [429, 319, 126, 148], aux []
saved model
Time 01h 34m 04s, episode reward 152.0, episode length 1479
actions stats real [337, 581, 261, 300], aux []
saved model
Time 01h 35m 08s, episode reward 133.0, episode length 1764
actions stats real [189, 114, 720, 741], aux []
saved model
Time 01h 36m 11s, episode reward 186.0, episode length 1252
actions stats real [269, 340, 297, 346], aux []
saved model
Time 01h 37m 14s, episode reward 86.0, episode length 1259
actions stats real [498, 133, 256, 372], aux []
saved model
Time 01h 38m 19s, episode reward 278.0, episode length 1737
actions stats real [256, 295, 436, 750], aux []
saved model
Time 01h 39m 22s, episode reward 110.0, episode length 1599
actions stats real [197, 846, 267, 289], aux []
saved model
Time 01h 40m 27s, episode reward 243.0, episode length 1999
actions stats real [572, 411, 491, 525], aux []
saved model
Time 01h 41m 31s, episode reward 66.0, episode length 1444
actions stats real [949, 122, 185, 188], aux []
saved model
Time 01h 42m 35s, episode reward 134.0, episode length 1633
actions stats real [504, 289, 388, 452], aux []
saved model
Time 01h 43m 40s, episode reward 361.0, episode length 2117
actions stats real [427, 884, 315, 491], aux []
saved model
Time 01h 44m 44s, episode reward 106.0, episode length 1572
actions stats real [49, 749, 293, 481], aux []
saved model
Time 01h 46m 07s, episode reward 203.0, episode length 10001
actions stats real [3333, 122, 3250, 3296], aux []
saved model
Time 01h 47m 10s, episode reward 53.0, episode length 1030
actions stats real [331, 97, 298, 304], aux []
saved model
Time 01h 48m 33s, episode reward 247.0, episode length 10001
actions stats real [9046, 386, 196, 373], aux []
saved model
Time 01h 49m 36s, episode reward 109.0, episode length 1419
actions stats real [899, 204, 154, 162], aux []
saved model
Time 01h 50m 41s, episode reward 348.0, episode length 2062
actions stats real [617, 463, 459, 523], aux []
saved model
Time 01h 51m 46s, episode reward 292.0, episode length 2111
actions stats real [952, 191, 460, 508], aux []
saved model
Time 01h 52m 50s, episode reward 308.0, episode length 1622
actions stats real [96, 787, 347, 392], aux []
saved model
Time 01h 54m 13s, episode reward 279.0, episode length 10001
actions stats real [5050, 239, 2348, 2364], aux []
saved model
Time 01h 55m 36s, episode reward 291.0, episode length 10001
actions stats real [771, 70, 4522, 4638], aux []
saved model
Time 01h 56m 41s, episode reward 144.0, episode length 1801
actions stats real [7, 1184, 268, 342], aux []
saved model
Time 01h 58m 04s, episode reward 13.0, episode length 10001
actions stats real [287, 35, 70, 9609], aux []
saved model
Time 01h 59m 27s, episode reward 305.0, episode length 10001
actions stats real [213, 692, 4481, 4615], aux []
saved model
Time 02h 00m 31s, episode reward 155.0, episode length 1629
actions stats real [365, 585, 326, 353], aux []
saved model
Time 02h 01m 54s, episode reward 274.0, episode length 10001
actions stats real [9013, 232, 323, 433], aux []
saved model
Time 02h 02m 58s, episode reward 203.0, episode length 1803
actions stats real [605, 234, 447, 517], aux []
saved model
Time 02h 04m 21s, episode reward 328.0, episode length 10001
actions stats real [8797, 313, 335, 556], aux []
saved model
Time 02h 05m 25s, episode reward 295.0, episode length 1495
actions stats real [721, 224, 270, 280], aux []
saved model
Time 02h 06m 29s, episode reward 270.0, episode length 1638
actions stats real [69, 959, 302, 308], aux []
saved model
Time 02h 07m 52s, episode reward 158.0, episode length 10001
actions stats real [2988, 464, 3244, 3305], aux []
saved model
Time 02h 08m 55s, episode reward 123.0, episode length 1360
actions stats real [615, 60, 328, 357], aux []
saved model
Time 02h 10m 18s, episode reward 396.0, episode length 10001
actions stats real [2098, 2568, 2588, 2747], aux []
saved model
Time 02h 11m 41s, episode reward 272.0, episode length 10001
actions stats real [8860, 359, 363, 419], aux []
saved model
Time 02h 12m 46s, episode reward 373.0, episode length 1964
actions stats real [1111, 48, 364, 441], aux []
saved model
Time 02h 13m 51s, episode reward 378.0, episode length 2091
actions stats real [201, 1012, 383, 495], aux []
saved model
Time 02h 14m 55s, episode reward 333.0, episode length 1527
actions stats real [391, 71, 456, 609], aux []
saved model
Time 02h 16m 18s, episode reward 298.0, episode length 10001
actions stats real [8306, 84, 733, 878], aux []
saved model
Time 02h 17m 41s, episode reward 373.0, episode length 10001
actions stats real [913, 375, 4280, 4433], aux []
saved model
Time 02h 19m 04s, episode reward 324.0, episode length 10001
actions stats real [1997, 127, 1766, 6111], aux []
saved model
Time 02h 20m 27s, episode reward 276.0, episode length 10001
actions stats real [3500, 157, 3132, 3212], aux []
saved model
Time 02h 21m 50s, episode reward 254.0, episode length 10001
actions stats real [4528, 102, 2678, 2693], aux []
saved model
Time 02h 23m 13s, episode reward 181.0, episode length 10001
actions stats real [1139, 2536, 3159, 3167], aux []
saved model
Time 02h 24m 18s, episode reward 350.0, episode length 1898
actions stats real [578, 547, 274, 499], aux []
saved model
Time 02h 25m 24s, episode reward 395.0, episode length 2285
actions stats real [203, 833, 591, 658], aux []
saved model
Time 02h 26m 27s, episode reward 75.0, episode length 1453
actions stats real [204, 68, 470, 711], aux []
saved model
Time 02h 27m 32s, episode reward 345.0, episode length 1937
actions stats real [454, 771, 340, 372], aux []
saved model
Time 02h 28m 38s, episode reward 420.0, episode length 2275
actions stats real [489, 425, 678, 683], aux []
saved model
Time 02h 29m 43s, episode reward 397.0, episode length 2081
actions stats real [318, 340, 575, 848], aux []
saved model
Time 02h 31m 05s, episode reward 410.0, episode length 10001
actions stats real [463, 5281, 1939, 2318], aux []
saved model
Time 02h 32m 28s, episode reward 334.0, episode length 10001
actions stats real [1327, 3843, 2351, 2480], aux []
saved model
Time 02h 33m 52s, episode reward 377.0, episode length 10001
actions stats real [4228, 484, 2588, 2701], aux []
saved model
Time 02h 34m 56s, episode reward 156.0, episode length 1818
actions stats real [609, 293, 449, 467], aux []
saved model
Time 02h 36m 19s, episode reward 224.0, episode length 10001
actions stats real [529, 144, 4657, 4671], aux []
saved model
Time 02h 37m 22s, episode reward 301.0, episode length 1222
actions stats real [678, 168, 179, 197], aux []
saved model
Time 02h 38m 45s, episode reward 252.0, episode length 10001
actions stats real [8895, 184, 390, 532], aux []
saved model
Time 02h 39m 49s, episode reward 250.0, episode length 1747
actions stats real [1262, 82, 199, 204], aux []
saved model
Time 02h 40m 54s, episode reward 363.0, episode length 1941
actions stats real [513, 497, 437, 494], aux []
saved model
Time 02h 42m 17s, episode reward 191.0, episode length 10001
actions stats real [115, 235, 4805, 4846], aux []
saved model
Time 02h 43m 21s, episode reward 122.0, episode length 1661
actions stats real [37, 975, 262, 387], aux []
saved model
Time 02h 44m 25s, episode reward 206.0, episode length 1603
actions stats real [423, 284, 335, 561], aux []
saved model
Time 02h 45m 29s, episode reward 289.0, episode length 1588
actions stats real [438, 126, 427, 597], aux []
saved model
Time 02h 46m 32s, episode reward 70.0, episode length 1124
actions stats real [664, 153, 152, 155], aux []
saved model
Time 02h 47m 37s, episode reward 394.0, episode length 1808
actions stats real [21, 1152, 311, 324], aux []
saved model
Time 02h 49m 00s, episode reward 248.0, episode length 10001
actions stats real [34, 1060, 4448, 4459], aux []
saved model
Time 02h 50m 23s, episode reward 221.0, episode length 10001
actions stats real [485, 178, 4556, 4782], aux []
saved model
Time 02h 51m 27s, episode reward 239.0, episode length 1700
actions stats real [25, 516, 572, 587], aux []
saved model
Time 02h 52m 50s, episode reward 300.0, episode length 10001
actions stats real [622, 94, 4643, 4642], aux []
saved model
Time 02h 53m 53s, episode reward 122.0, episode length 1454
actions stats real [118, 902, 213, 221], aux []
saved model
Time 02h 54m 57s, episode reward 137.0, episode length 1669
actions stats real [478, 521, 334, 336], aux []
saved model
Time 02h 56m 21s, episode reward 379.0, episode length 10001
actions stats real [188, 527, 455, 8831], aux []
saved model
Time 02h 57m 44s, episode reward 329.0, episode length 10001
actions stats real [3195, 81, 3281, 3444], aux []
saved model
Time 02h 58m 48s, episode reward 215.0, episode length 1726
actions stats real [693, 122, 431, 480], aux []
saved model
Time 03h 00m 11s, episode reward 263.0, episode length 10001
actions stats real [2432, 3773, 1765, 2031], aux []
saved model
Time 03h 01m 15s, episode reward 175.0, episode length 1660
actions stats real [279, 888, 243, 250], aux []
saved model
Time 03h 02m 38s, episode reward 385.0, episode length 10001
actions stats real [2507, 1499, 2992, 3003], aux []
saved model
Time 03h 04m 00s, episode reward 412.0, episode length 10001
actions stats real [2906, 680, 3191, 3224], aux []
saved model
Time 03h 05m 05s, episode reward 379.0, episode length 2046
actions stats real [563, 146, 571, 766], aux []
saved model
Time 03h 06m 28s, episode reward 177.0, episode length 10001
actions stats real [421, 48, 4736, 4796], aux []
saved model
Time 03h 07m 51s, episode reward 335.0, episode length 10001
actions stats real [34, 425, 4706, 4836], aux []
saved model
Time 03h 08m 56s, episode reward 413.0, episode length 2147
actions stats real [106, 1195, 406, 440], aux []
saved model
Time 03h 10m 19s, episode reward 350.0, episode length 10001
actions stats real [3374, 93, 3175, 3359], aux []
saved model
Time 03h 11m 42s, episode reward 156.0, episode length 10001
actions stats real [128, 243, 4747, 4883], aux []
saved model
Time 03h 13m 05s, episode reward 239.0, episode length 10001
actions stats real [490, 88, 4697, 4726], aux []
saved model
Time 03h 14m 28s, episode reward 383.0, episode length 10001
actions stats real [2473, 960, 3039, 3529], aux []
saved model
Time 03h 15m 33s, episode reward 340.0, episode length 1760
actions stats real [442, 683, 292, 343], aux []
saved model
Time 03h 16m 56s, episode reward 234.0, episode length 10001
actions stats real [116, 271, 5140, 4474], aux []
saved model
Time 03h 18m 19s, episode reward 164.0, episode length 10001
actions stats real [389, 187, 4691, 4734], aux []
saved model
Time 03h 19m 42s, episode reward 393.0, episode length 10001
actions stats real [1847, 2477, 2543, 3134], aux []
saved model
Time 03h 21m 05s, episode reward 343.0, episode length 10001
actions stats real [323, 261, 4674, 4743], aux []
saved model
Time 03h 22m 27s, episode reward 309.0, episode length 10001
actions stats real [933, 287, 4378, 4403], aux []
saved model
Time 03h 23m 51s, episode reward 231.0, episode length 10001
actions stats real [369, 439, 4590, 4603], aux []
saved model
Time 03h 24m 55s, episode reward 372.0, episode length 1531
actions stats real [603, 386, 262, 280], aux []
saved model
Time 03h 26m 00s, episode reward 324.0, episode length 2204
actions stats real [1180, 168, 426, 430], aux []
saved model
Time 03h 27m 04s, episode reward 94.0, episode length 1424
actions stats real [170, 213, 544, 497], aux []
saved model
Time 03h 28m 07s, episode reward 369.0, episode length 1556
actions stats real [650, 197, 328, 381], aux []
saved model
Time 03h 29m 11s, episode reward 206.0, episode length 1373
actions stats real [219, 165, 467, 522], aux []
saved model
Time 03h 30m 34s, episode reward 311.0, episode length 10001
actions stats real [3742, 1404, 2417, 2438], aux []
saved model
Time 03h 31m 38s, episode reward 362.0, episode length 1751
actions stats real [29, 1009, 304, 409], aux []
saved model
Time 03h 33m 01s, episode reward 297.0, episode length 10001
actions stats real [163, 277, 4743, 4818], aux []
saved model
Time 03h 34m 05s, episode reward 120.0, episode length 1477
actions stats real [652, 396, 202, 227], aux []
saved model
Time 03h 35m 28s, episode reward 395.0, episode length 10001
actions stats real [4183, 2204, 1305, 2309], aux []
saved model
Time 03h 36m 51s, episode reward 143.0, episode length 10001
actions stats real [99, 155, 421, 9326], aux []
saved model
Time 03h 38m 14s, episode reward 266.0, episode length 10001
actions stats real [304, 87, 4779, 4831], aux []
saved model
Time 03h 39m 37s, episode reward 371.0, episode length 10001
actions stats real [3494, 594, 2016, 3897], aux []
saved model
Time 03h 41m 00s, episode reward 230.0, episode length 10001
actions stats real [38, 323, 4753, 4887], aux []
saved model
Time 03h 42m 23s, episode reward 163.0, episode length 10001
actions stats real [199, 132, 408, 9262], aux []
saved model
Time 03h 43m 46s, episode reward 374.0, episode length 10001
actions stats real [694, 2540, 3327, 3440], aux []
saved model
Time 03h 45m 09s, episode reward 392.0, episode length 10001
actions stats real [1515, 3810, 2215, 2461], aux []
saved model
Time 03h 46m 32s, episode reward 243.0, episode length 10001
actions stats real [54, 290, 4730, 4927], aux []
saved model
Time 03h 47m 55s, episode reward 412.0, episode length 10001
actions stats real [1766, 3236, 2207, 2792], aux []
saved model
Time 03h 49m 17s, episode reward 329.0, episode length 10001
actions stats real [64, 179, 93, 9665], aux []
saved model
Time 03h 50m 23s, episode reward 407.0, episode length 2455
actions stats real [1420, 252, 375, 408], aux []
saved model
Time 03h 51m 28s, episode reward 362.0, episode length 1986
actions stats real [25, 1371, 278, 312], aux []
saved model
Time 03h 52m 51s, episode reward 348.0, episode length 10001
actions stats real [9366, 346, 128, 161], aux []
saved model
Time 03h 54m 14s, episode reward 352.0, episode length 10001
actions stats real [602, 197, 488, 8714], aux []
saved model
Time 03h 55m 17s, episode reward 135.0, episode length 1421
actions stats real [354, 216, 399, 452], aux []
saved model
Time 03h 56m 40s, episode reward 351.0, episode length 10001
actions stats real [1530, 5785, 1153, 1533], aux []
saved model
Time 03h 58m 03s, episode reward 105.0, episode length 10001
actions stats real [295, 122, 4399, 5185], aux []
saved model
Time 03h 59m 27s, episode reward 138.0, episode length 10001
actions stats real [90, 118, 956, 8837], aux []
saved model
Time 04h 00m 32s, episode reward 418.0, episode length 2039
actions stats real [165, 1320, 209, 345], aux []
saved model
Time 04h 01m 39s, episode reward 423.0, episode length 2847
actions stats real [985, 912, 393, 557], aux []
saved model
Time 04h 03m 02s, episode reward 285.0, episode length 10001
actions stats real [442, 62, 4674, 4823], aux []
saved model
Time 04h 04m 25s, episode reward 316.0, episode length 10001
actions stats real [339, 1098, 4254, 4310], aux []
saved model
Time 04h 05m 48s, episode reward 408.0, episode length 10001
actions stats real [2025, 5118, 1387, 1471], aux []
saved model
Time 04h 06m 52s, episode reward 153.0, episode length 1707
actions stats real [791, 230, 337, 349], aux []
saved model
Time 04h 07m 56s, episode reward 367.0, episode length 1845
actions stats real [13, 749, 398, 685], aux []
saved model
Time 04h 09m 19s, episode reward 383.0, episode length 10001
actions stats real [375, 266, 4507, 4853], aux []
saved model
Time 04h 10m 42s, episode reward 364.0, episode length 10001
actions stats real [2771, 3094, 1754, 2382], aux []
saved model
Time 04h 12m 05s, episode reward 325.0, episode length 10001
actions stats real [5617, 61, 1336, 2987], aux []
saved model
Time 04h 13m 28s, episode reward 371.0, episode length 10001
actions stats real [26, 471, 97, 9407], aux []
saved model
Time 04h 14m 51s, episode reward 248.0, episode length 10001
actions stats real [2343, 263, 2377, 5018], aux []
saved model
Time 04h 16m 15s, episode reward 6.0, episode length 10001
actions stats real [3126, 7, 2696, 4172], aux []
saved model
Time 04h 17m 37s, episode reward 422.0, episode length 10001
actions stats real [401, 178, 3737, 5685], aux []
saved model
Time 04h 19m 00s, episode reward 408.0, episode length 10001
actions stats real [93, 1406, 3593, 4909], aux []
saved model
Time 04h 20m 23s, episode reward 319.0, episode length 10001
actions stats real [4925, 2207, 1425, 1444], aux []
saved model
Time 04h 21m 28s, episode reward 373.0, episode length 2033
actions stats real [78, 1183, 348, 424], aux []
saved model
Time 04h 22m 52s, episode reward 343.0, episode length 10001
actions stats real [24, 1026, 2903, 6048], aux []
saved model
Time 04h 24m 14s, episode reward 408.0, episode length 10001
actions stats real [546, 320, 4529, 4606], aux []
saved model
Time 04h 25m 37s, episode reward 396.0, episode length 10001
actions stats real [109, 5991, 1933, 1968], aux []
saved model
Time 04h 27m 00s, episode reward 363.0, episode length 10001
actions stats real [26, 3290, 3317, 3368], aux []
saved model
Time 04h 28m 04s, episode reward 108.0, episode length 1429
actions stats real [291, 491, 288, 359], aux []
saved model
Time 04h 29m 07s, episode reward 189.0, episode length 1501
actions stats real [332, 90, 532, 547], aux []
saved model
Time 04h 30m 12s, episode reward 237.0, episode length 1890
actions stats real [15, 517, 605, 753], aux []
saved model
Time 04h 31m 35s, episode reward 339.0, episode length 10001
actions stats real [1695, 5635, 1288, 1383], aux []
saved model
Time 04h 32m 39s, episode reward 77.0, episode length 1411
actions stats real [108, 524, 308, 471], aux []
saved model
Time 04h 34m 02s, episode reward 422.0, episode length 10001
actions stats real [6622, 94, 1510, 1775], aux []
saved model
Time 04h 35m 25s, episode reward 306.0, episode length 10001
actions stats real [1571, 1193, 2864, 4373], aux []
saved model
Time 04h 36m 37s, episode reward 415.0, episode length 5189
actions stats real [2111, 460, 1069, 1549], aux []
saved model
Time 04h 38m 00s, episode reward 337.0, episode length 10001
actions stats real [3435, 974, 2719, 2873], aux []
saved model
Time 04h 39m 09s, episode reward 390.0, episode length 3768
actions stats real [638, 1557, 766, 807], aux []
saved model
Time 04h 40m 31s, episode reward 417.0, episode length 10001
actions stats real [280, 428, 602, 8691], aux []
