Namespace(env_name='BreakoutDeterministic-v4', gamma=0.99, load_dir=None, lr=0.0001, max_episode_length=10000, model_name='breakout-deadTerm-skip248-clipOut', no_shared=False, num_processes=16, num_skips=3, num_steps=20, seed=1, tau=1.0, testing=False)
[2017-08-15 10:19:25,980] Making new env: BreakoutDeterministic-v4
[2017-08-15 10:19:26,235] Making new env: BreakoutDeterministic-v4
[2017-08-15 10:19:26,237] Making new env: BreakoutDeterministic-v4
[2017-08-15 10:19:26,239] Making new env: BreakoutDeterministic-v4
[2017-08-15 10:19:26,241] Making new env: BreakoutDeterministic-v4
[2017-08-15 10:19:26,243] Making new env: BreakoutDeterministic-v4
[2017-08-15 10:19:26,245] Making new env: BreakoutDeterministic-v4
[2017-08-15 10:19:26,247] Making new env: BreakoutDeterministic-v4
[2017-08-15 10:19:26,249] Making new env: BreakoutDeterministic-v4
[2017-08-15 10:19:26,251] Making new env: BreakoutDeterministic-v4
[2017-08-15 10:19:26,253] Making new env: BreakoutDeterministic-v4
[2017-08-15 10:19:26,255] Making new env: BreakoutDeterministic-v4
[2017-08-15 10:19:26,259] Making new env: BreakoutDeterministic-v4
[2017-08-15 10:19:26,262] Making new env: BreakoutDeterministic-v4
[2017-08-15 10:19:26,263] Making new env: BreakoutDeterministic-v4
[2017-08-15 10:19:26,264] Making new env: BreakoutDeterministic-v4
[2017-08-15 10:19:26,266] Making new env: BreakoutDeterministic-v4
[2017-08-15 10:19:26,269] Making new env: BreakoutDeterministic-v4
saved model
Time 00h 00m 17s, episode reward 0.0, episode length 10001
actions stats real [0, 0, 0, 0], aux [5001, 0, 0]
saved model
Time 00h 01m 43s, episode reward 0.0, episode length 10001
actions stats real [0, 0, 0, 10001], aux [0, 0, 0]
saved model
Time 00h 02m 43s, episode reward 3.0, episode length 218
actions stats real [0, 212, 0, 6], aux [0, 0, 0]
saved model
Time 00h 03m 44s, episode reward 3.0, episode length 218
actions stats real [0, 212, 0, 6], aux [0, 0, 0]
saved model
Time 00h 04m 45s, episode reward 3.0, episode length 217
actions stats real [0, 185, 0, 8], aux [0, 0, 3]
saved model
Time 00h 06m 00s, episode reward 1.0, episode length 10001
actions stats real [0, 20, 0, 4], aux [0, 0, 1248]
saved model
Time 00h 07m 00s, episode reward 7.0, episode length 249
actions stats real [4, 73, 0, 4], aux [12, 0, 18]
saved model
Time 00h 08m 01s, episode reward 3.0, episode length 216
actions stats real [29, 79, 0, 4], aux [0, 0, 13]
saved model
Time 00h 09m 02s, episode reward 7.0, episode length 348
actions stats real [6, 101, 48, 49], aux [0, 0, 18]
saved model
Time 00h 10m 03s, episode reward 11.0, episode length 408
actions stats real [0, 44, 107, 89], aux [0, 0, 21]
saved model
Time 00h 11m 04s, episode reward 9.0, episode length 448
actions stats real [0, 297, 31, 24], aux [0, 0, 12]
saved model
Time 00h 12m 05s, episode reward 8.0, episode length 400
actions stats real [0, 179, 33, 28], aux [0, 0, 20]
saved model
Time 00h 13m 07s, episode reward 9.0, episode length 448
actions stats real [9, 206, 25, 24], aux [0, 0, 23]
saved model
Time 00h 14m 08s, episode reward 9.0, episode length 448
actions stats real [10, 119, 16, 15], aux [0, 0, 36]
saved model
Time 00h 15m 09s, episode reward 9.0, episode length 417
actions stats real [23, 107, 28, 27], aux [0, 0, 29]
saved model
Time 00h 16m 10s, episode reward 9.0, episode length 469
actions stats real [22, 120, 30, 25], aux [0, 0, 34]
saved model
Time 00h 17m 11s, episode reward 7.0, episode length 371
actions stats real [15, 109, 32, 35], aux [2, 0, 22]
saved model
Time 00h 18m 12s, episode reward 11.0, episode length 530
actions stats real [0, 233, 44, 43], aux [5, 8, 21]
saved model
Time 00h 19m 13s, episode reward 7.0, episode length 370
actions stats real [6, 126, 35, 39], aux [10, 0, 18]
saved model
Time 00h 20m 14s, episode reward 10.0, episode length 478
actions stats real [3, 70, 43, 42], aux [5, 0, 39]
saved model
Time 00h 21m 15s, episode reward 7.0, episode length 370
actions stats real [0, 107, 38, 39], aux [15, 1, 19]
saved model
Time 00h 22m 17s, episode reward 14.0, episode length 591
actions stats real [6, 182, 42, 41], aux [0, 0, 40]
saved model
Time 00h 23m 18s, episode reward 35.0, episode length 755
actions stats real [4, 94, 67, 71], aux [58, 1, 50]
saved model
Time 00h 24m 20s, episode reward 29.0, episode length 849
actions stats real [12, 151, 67, 69], aux [31, 0, 61]
saved model
Time 00h 25m 22s, episode reward 22.0, episode length 688
actions stats real [0, 172, 61, 56], aux [4, 7, 46]
saved model
Time 00h 26m 23s, episode reward 18.0, episode length 627
actions stats real [19, 91, 56, 55], aux [9, 5, 46]
saved model
Time 00h 27m 37s, episode reward 19.0, episode length 10001
actions stats real [4, 70, 49, 48], aux [10, 1, 1227]
saved model
Time 00h 28m 38s, episode reward 15.0, episode length 549
actions stats real [31, 110, 43, 41], aux [0, 3, 39]
saved model
Time 00h 29m 40s, episode reward 15.0, episode length 549
actions stats real [2, 141, 41, 39], aux [11, 4, 36]
saved model
Time 00h 30m 41s, episode reward 20.0, episode length 754
actions stats real [89, 108, 57, 56], aux [7, 4, 52]
saved model
Time 00h 31m 43s, episode reward 27.0, episode length 770
actions stats real [6, 193, 62, 61], aux [2, 10, 51]
saved model
Time 00h 32m 45s, episode reward 27.0, episode length 821
actions stats real [21, 88, 64, 67], aux [9, 6, 68]
saved model
Time 00h 33m 46s, episode reward 17.0, episode length 643
actions stats real [53, 69, 44, 47], aux [1, 11, 48]
saved model
Time 00h 34m 48s, episode reward 27.0, episode length 874
actions stats real [66, 102, 55, 59], aux [12, 6, 68]
saved model
Time 00h 35m 49s, episode reward 29.0, episode length 824
actions stats real [29, 64, 54, 53], aux [8, 13, 70]
saved model
Time 00h 36m 52s, episode reward 42.0, episode length 1066
actions stats real [115, 138, 53, 56], aux [6, 7, 83]
saved model
Time 00h 37m 53s, episode reward 16.0, episode length 604
actions stats real [6, 36, 44, 50], aux [22, 20, 43]
saved model
Time 00h 39m 16s, episode reward 58.0, episode length 10001
actions stats real [5950, 50, 1571, 1572], aux [14, 14, 97]
saved model
Time 00h 40m 17s, episode reward 40.0, episode length 847
actions stats real [20, 120, 71, 72], aux [24, 5, 62]
saved model
Time 00h 41m 20s, episode reward 64.0, episode length 1216
actions stats real [56, 107, 71, 74], aux [2, 16, 105]
saved model
Time 00h 42m 22s, episode reward 37.0, episode length 964
actions stats real [11, 214, 75, 76], aux [2, 16, 65]
saved model
Time 00h 43m 24s, episode reward 45.0, episode length 1191
actions stats real [85, 36, 87, 85], aux [43, 11, 96]
saved model
Time 00h 44m 26s, episode reward 30.0, episode length 803
actions stats real [10, 87, 55, 55], aux [16, 9, 66]
saved model
Time 00h 45m 28s, episode reward 52.0, episode length 1270
actions stats real [72, 136, 69, 67], aux [7, 16, 106]
saved model
Time 00h 46m 30s, episode reward 54.0, episode length 1245
actions stats real [12, 122, 90, 93], aux [12, 22, 102]
saved model
Time 00h 47m 33s, episode reward 47.0, episode length 1190
actions stats real [17, 65, 72, 75], aux [30, 22, 102]
saved model
Time 00h 48m 35s, episode reward 67.0, episode length 1279
actions stats real [7, 90, 88, 87], aux [26, 27, 106]
saved model
Time 00h 49m 37s, episode reward 60.0, episode length 1273
actions stats real [21, 100, 76, 79], aux [32, 12, 111]
saved model
Time 00h 50m 40s, episode reward 60.0, episode length 1345
actions stats real [24, 116, 87, 89], aux [43, 17, 110]
saved model
Time 00h 51m 42s, episode reward 49.0, episode length 1346
actions stats real [40, 90, 95, 94], aux [43, 16, 110]
saved model
Time 00h 52m 45s, episode reward 47.0, episode length 1125
actions stats real [105, 68, 64, 68], aux [14, 6, 96]
saved model
Time 00h 53m 47s, episode reward 53.0, episode length 1328
actions stats real [20, 53, 97, 105], aux [74, 6, 111]
saved model
Time 00h 54m 49s, episode reward 53.0, episode length 1257
actions stats real [23, 109, 84, 87], aux [73, 6, 98]
saved model
Time 00h 55m 52s, episode reward 58.0, episode length 1167
actions stats real [23, 83, 69, 69], aux [1, 7, 112]
saved model
Time 00h 56m 54s, episode reward 78.0, episode length 1409
actions stats real [20, 90, 105, 108], aux [16, 35, 115]
saved model
Time 00h 57m 56s, episode reward 67.0, episode length 1263
actions stats real [16, 197, 79, 77], aux [26, 8, 102]
saved model
Time 00h 58m 58s, episode reward 8.0, episode length 418
actions stats real [3, 138, 26, 27], aux [5, 2, 26]
saved model
Time 01h 00m 00s, episode reward 63.0, episode length 1307
actions stats real [31, 58, 85, 86], aux [15, 17, 119]
saved model
Time 01h 01m 02s, episode reward 71.0, episode length 1381
actions stats real [13, 88, 83, 86], aux [11, 14, 130]
saved model
Time 01h 02m 05s, episode reward 60.0, episode length 1230
actions stats real [15, 45, 78, 78], aux [11, 18, 115]
saved model
Time 01h 03m 07s, episode reward 71.0, episode length 1429
actions stats real [3, 86, 85, 88], aux [60, 9, 127]
saved model
Time 01h 04m 10s, episode reward 71.0, episode length 1390
actions stats real [8, 117, 81, 81], aux [11, 19, 127]
saved model
Time 01h 05m 23s, episode reward 11.0, episode length 10001
actions stats real [0, 2, 14, 14], aux [0, 2, 1246]
saved model
Time 01h 06m 26s, episode reward 75.0, episode length 1479
actions stats real [47, 58, 114, 117], aux [8, 23, 130]
saved model
Time 01h 07m 28s, episode reward 75.0, episode length 1296
actions stats real [18, 26, 101, 102], aux [48, 13, 113]
saved model
Time 01h 08m 31s, episode reward 88.0, episode length 1470
actions stats real [27, 36, 96, 99], aux [64, 11, 130]
saved model
Time 01h 09m 34s, episode reward 76.0, episode length 1454
actions stats real [29, 50, 99, 100], aux [40, 18, 128]
saved model
Time 01h 10m 36s, episode reward 86.0, episode length 1471
actions stats real [27, 53, 99, 106], aux [59, 5, 131]
saved model
Time 01h 11m 39s, episode reward 87.0, episode length 1466
actions stats real [10, 69, 87, 86], aux [25, 24, 134]
saved model
Time 01h 12m 41s, episode reward 84.0, episode length 1379
actions stats real [17, 37, 91, 92], aux [34, 17, 126]
saved model
Time 01h 13m 44s, episode reward 74.0, episode length 1349
actions stats real [2, 70, 82, 81], aux [12, 13, 130]
saved model
Time 01h 14m 47s, episode reward 96.0, episode length 1588
actions stats real [13, 93, 96, 99], aux [17, 39, 138]
saved model
Time 01h 15m 49s, episode reward 99.0, episode length 1475
actions stats real [3, 68, 99, 100], aux [37, 19, 132]
saved model
Time 01h 16m 52s, episode reward 105.0, episode length 1587
actions stats real [40, 37, 102, 101], aux [13, 45, 138]
saved model
Time 01h 17m 55s, episode reward 97.0, episode length 1559
actions stats real [9, 62, 101, 102], aux [32, 23, 142]
saved model
Time 01h 18m 58s, episode reward 101.0, episode length 1441
actions stats real [25, 35, 93, 93], aux [40, 18, 131]
saved model
Time 01h 20m 00s, episode reward 100.0, episode length 1515
actions stats real [18, 74, 92, 93], aux [46, 33, 128]
saved model
Time 01h 21m 23s, episode reward 105.0, episode length 10001
actions stats real [8670, 28, 84, 84], aux [6, 18, 132]
saved model
Time 01h 22m 46s, episode reward 8.0, episode length 10001
actions stats real [12, 20, 24, 9697], aux [1, 6, 28]
saved model
Time 01h 24m 01s, episode reward 195.0, episode length 10001
actions stats real [3, 13, 58, 58], aux [11, 2262, 100]
saved model
Time 01h 25m 16s, episode reward 195.0, episode length 10001
actions stats real [2, 9, 57, 58], aux [11, 2254, 105]
saved model
Time 01h 26m 19s, episode reward 406.0, episode length 1847
actions stats real [5, 215, 76, 77], aux [41, 40, 154]
saved model
Time 01h 27m 23s, episode reward 381.0, episode length 1909
actions stats real [3, 226, 94, 93], aux [37, 31, 162]
saved model
Time 01h 28m 40s, episode reward 330.0, episode length 10001
actions stats real [22, 11, 60, 61], aux [4336, 20, 137]
saved model
Time 01h 29m 44s, episode reward 406.0, episode length 1857
actions stats real [8, 277, 83, 87], aux [29, 16, 160]
saved model
Time 01h 30m 47s, episode reward 415.0, episode length 2081
actions stats real [17, 347, 95, 98], aux [52, 19, 168]
saved model
Time 01h 31m 51s, episode reward 414.0, episode length 2058
actions stats real [24, 55, 97, 95], aux [135, 14, 183]
saved model
Time 01h 33m 08s, episode reward 390.0, episode length 10001
actions stats real [7, 35, 74, 73], aux [4192, 15, 173]
saved model
Time 01h 34m 29s, episode reward 330.0, episode length 10001
actions stats real [1699, 3591, 996, 999], aux [10, 12, 331]
saved model
Time 01h 35m 32s, episode reward 357.0, episode length 1784
actions stats real [24, 90, 101, 103], aux [39, 13, 167]
saved model
Time 01h 36m 46s, episode reward 330.0, episode length 10001
actions stats real [3, 7, 54, 55], aux [10, 12, 1228]
saved model
Time 01h 37m 49s, episode reward 400.0, episode length 2002
actions stats real [93, 85, 98, 97], aux [42, 13, 187]
saved model
Time 01h 39m 10s, episode reward 338.0, episode length 10001
actions stats real [3574, 1722, 995, 996], aux [12, 15, 329]
saved model
Time 01h 40m 26s, episode reward 363.0, episode length 7272
actions stats real [6, 4138, 802, 805], aux [15, 12, 181]
saved model
Time 01h 41m 46s, episode reward 330.0, episode length 10001
actions stats real [756, 4534, 995, 998], aux [11, 12, 331]
saved model
Time 01h 43m 00s, episode reward 382.0, episode length 10001
actions stats real [6, 37, 73, 76], aux [15, 14, 1218]
saved model
Time 01h 44m 03s, episode reward 425.0, episode length 1966
actions stats real [30, 209, 87, 86], aux [12, 26, 179]
saved model
Time 01h 45m 07s, episode reward 417.0, episode length 2087
actions stats real [35, 175, 111, 111], aux [80, 26, 174]
saved model
Time 01h 46m 25s, episode reward 18.0, episode length 10001
actions stats real [10, 16, 35, 37], aux [4728, 20, 46]
saved model
Time 01h 47m 28s, episode reward 409.0, episode length 2009
actions stats real [16, 190, 100, 103], aux [102, 29, 160]
saved model
Time 01h 48m 32s, episode reward 417.0, episode length 2052
actions stats real [1, 99, 119, 116], aux [66, 75, 161]
saved model
Time 01h 49m 35s, episode reward 396.0, episode length 1964
actions stats real [29, 74, 90, 90], aux [70, 25, 181]
saved model
Time 01h 50m 52s, episode reward 393.0, episode length 10001
actions stats real [32, 45, 88, 89], aux [4124, 15, 181]
saved model
Time 01h 51m 55s, episode reward 416.0, episode length 1854
actions stats real [27, 237, 93, 93], aux [12, 11, 167]
saved model
Time 01h 52m 59s, episode reward 414.0, episode length 2031
actions stats real [58, 78, 98, 99], aux [39, 16, 195]
saved model
Time 01h 54m 00s, episode reward 16.0, episode length 714
actions stats real [1, 94, 39, 40], aux [40, 41, 37]
saved model
Time 01h 55m 04s, episode reward 389.0, episode length 1869
actions stats real [2, 81, 82, 83], aux [45, 11, 186]
saved model
Time 01h 56m 06s, episode reward 57.0, episode length 1366
actions stats real [1, 36, 74, 73], aux [19, 22, 132]
saved model
Time 01h 57m 08s, episode reward 46.0, episode length 1059
actions stats real [3, 37, 62, 65], aux [10, 24, 97]
saved model
Time 01h 58m 22s, episode reward 374.0, episode length 10001
actions stats real [29, 74, 92, 95], aux [19, 18, 1201]
saved model
Time 01h 59m 24s, episode reward 99.0, episode length 1502
actions stats real [7, 46, 84, 86], aux [11, 36, 140]
saved model
Time 02h 00m 27s, episode reward 411.0, episode length 1868
actions stats real [4, 67, 89, 89], aux [15, 39, 180]
saved model
Time 02h 01m 41s, episode reward 376.0, episode length 10001
actions stats real [30, 80, 80, 83], aux [24, 27, 1197]
saved model
Time 02h 02m 44s, episode reward 413.0, episode length 1892
actions stats real [2, 120, 79, 79], aux [28, 18, 186]
saved model
Time 02h 04m 06s, episode reward 382.0, episode length 10001
actions stats real [8197, 57, 105, 104], aux [57, 18, 169]
saved model
Time 02h 05m 10s, episode reward 414.0, episode length 2242
actions stats real [4, 130, 110, 109], aux [83, 46, 193]
saved model
Time 02h 06m 13s, episode reward 410.0, episode length 2040
actions stats real [33, 161, 111, 112], aux [116, 16, 166]
saved model
Time 02h 07m 16s, episode reward 389.0, episode length 1863
actions stats real [34, 42, 89, 92], aux [25, 21, 185]
saved model
Time 02h 08m 34s, episode reward 376.0, episode length 10001
actions stats real [57, 39, 90, 90], aux [4151, 14, 171]
saved model
Time 02h 09m 37s, episode reward 399.0, episode length 1980
actions stats real [7, 178, 118, 117], aux [28, 38, 169]
saved model
Time 02h 10m 41s, episode reward 368.0, episode length 1931
actions stats real [25, 177, 123, 122], aux [34, 18, 168]
saved model
Time 02h 11m 58s, episode reward 405.0, episode length 10001
actions stats real [5, 100, 79, 79], aux [4152, 13, 173]
saved model
Time 02h 13m 15s, episode reward 385.0, episode length 10001
actions stats real [7, 57, 69, 69], aux [4270, 21, 147]
saved model
Time 02h 14m 18s, episode reward 398.0, episode length 2117
actions stats real [23, 80, 106, 107], aux [101, 26, 187]
saved model
Time 02h 15m 40s, episode reward 350.0, episode length 10001
actions stats real [8519, 11, 74, 74], aux [16, 13, 155]
saved model
Time 02h 16m 43s, episode reward 356.0, episode length 1674
actions stats real [29, 72, 102, 109], aux [12, 16, 160]
saved model
Time 02h 17m 58s, episode reward 409.0, episode length 10001
actions stats real [13, 27, 79, 81], aux [66, 2092, 163]
saved model
Time 02h 19m 12s, episode reward 346.0, episode length 10001
actions stats real [14, 11, 69, 71], aux [13, 16, 1219]
saved model
Time 02h 20m 30s, episode reward 396.0, episode length 10001
actions stats real [418, 1941, 1007, 1007], aux [355, 560, 335]
saved model
Time 02h 21m 33s, episode reward 423.0, episode length 2063
actions stats real [8, 132, 85, 85], aux [34, 86, 168]
saved model
Time 02h 22m 55s, episode reward 421.0, episode length 10001
actions stats real [1668, 98, 3325, 3328], aux [59, 48, 159]
saved model
Time 02h 24m 12s, episode reward 401.0, episode length 10001
actions stats real [48, 75, 81, 83], aux [4159, 25, 162]
saved model
Time 02h 25m 16s, episode reward 417.0, episode length 2054
actions stats real [2, 257, 99, 100], aux [20, 19, 185]
saved model
Time 02h 26m 21s, episode reward 422.0, episode length 2699
actions stats real [36, 821, 133, 135], aux [17, 17, 184]
saved model
Time 02h 27m 22s, episode reward 26.0, episode length 828
actions stats real [8, 16, 42, 45], aux [41, 9, 75]
saved model
Time 02h 28m 36s, episode reward 1.0, episode length 10001
actions stats real [0, 5, 5, 8], aux [0, 0, 1249]
saved model
Time 02h 29m 38s, episode reward 126.0, episode length 1512
actions stats real [5, 37, 76, 77], aux [10, 26, 151]
saved model
Time 02h 30m 59s, episode reward 396.0, episode length 10001
actions stats real [6, 4552, 1165, 1166], aux [182, 17, 335]
saved model
Time 02h 32m 10s, episode reward 386.0, episode length 5419
actions stats real [400, 1373, 793, 798], aux [14, 16, 246]
saved model
Time 02h 33m 24s, episode reward 376.0, episode length 10001
actions stats real [9, 106, 86, 88], aux [18, 453, 983]
saved model
Time 02h 34m 27s, episode reward 414.0, episode length 2055
actions stats real [20, 191, 106, 106], aux [42, 19, 184]
saved model
Time 02h 35m 30s, episode reward 351.0, episode length 1765
actions stats real [15, 48, 89, 90], aux [12, 24, 176]
saved model
Time 02h 36m 34s, episode reward 415.0, episode length 2005
actions stats real [17, 86, 125, 131], aux [65, 33, 173]
saved model
Time 02h 37m 36s, episode reward 372.0, episode length 1774
actions stats real [4, 65, 95, 97], aux [24, 19, 174]
saved model
Time 02h 38m 57s, episode reward 393.0, episode length 10001
actions stats real [3815, 23, 1515, 1906], aux [411, 144, 168]
saved model
Time 02h 40m 00s, episode reward 393.0, episode length 1770
actions stats real [24, 24, 101, 107], aux [14, 19, 177]
saved model
Time 02h 41m 04s, episode reward 396.0, episode length 2135
actions stats real [20, 49, 90, 93], aux [70, 17, 210]
saved model
Time 02h 42m 19s, episode reward 375.0, episode length 10001
actions stats real [7, 33, 62, 63], aux [17, 2142, 155]
saved model
Time 02h 43m 22s, episode reward 398.0, episode length 1987
actions stats real [93, 113, 115, 118], aux [13, 19, 181]
saved model
Time 02h 44m 26s, episode reward 426.0, episode length 2361
actions stats real [249, 168, 104, 108], aux [37, 20, 198]
saved model
Time 02h 45m 40s, episode reward 431.0, episode length 6852
actions stats real [1017, 1077, 1177, 1191], aux [65, 141, 212]
saved model
Time 02h 47m 01s, episode reward 430.0, episode length 10001
actions stats real [8148, 37, 81, 83], aux [20, 25, 189]
saved model
Time 02h 48m 15s, episode reward 370.0, episode length 10001
actions stats real [14, 4, 58, 59], aux [11, 14, 1225]
saved model
Time 02h 49m 18s, episode reward 405.0, episode length 1957
actions stats real [5, 66, 96, 100], aux [15, 23, 196]
saved model
Time 02h 50m 28s, episode reward 430.0, episode length 5581
actions stats real [4, 1774, 367, 373], aux [13, 56, 352]
saved model
Time 02h 51m 50s, episode reward 396.0, episode length 10001
actions stats real [6265, 4, 1161, 1161], aux [11, 25, 161]
saved model
Time 02h 53m 07s, episode reward 396.0, episode length 10001
actions stats real [366, 1851, 977, 977], aux [11, 14, 719]
saved model
Time 02h 54m 10s, episode reward 88.0, episode length 1549
actions stats real [7, 30, 85, 91], aux [7, 21, 155]
saved model
Time 02h 55m 12s, episode reward 37.0, episode length 1011
actions stats real [30, 66, 73, 74], aux [6, 15, 87]
saved model
Time 02h 56m 29s, episode reward 430.0, episode length 10001
actions stats real [34, 21, 82, 88], aux [4074, 20, 194]
saved model
Time 02h 57m 42s, episode reward 426.0, episode length 10001
actions stats real [7, 54, 81, 80], aux [10, 18, 1212]
saved model
Time 02h 58m 46s, episode reward 427.0, episode length 2425
actions stats real [15, 311, 116, 118], aux [69, 46, 193]
saved model
Time 02h 59m 47s, episode reward 21.0, episode length 728
actions stats real [1, 59, 56, 56], aux [13, 13, 60]
saved model
Time 03h 01m 05s, episode reward 70.0, episode length 10001
actions stats real [9, 12, 71, 73], aux [4391, 23, 121]
saved model
Time 03h 02m 08s, episode reward 396.0, episode length 1895
actions stats real [1, 108, 101, 102], aux [13, 15, 189]
saved model
Time 03h 03m 12s, episode reward 431.0, episode length 2308
actions stats real [9, 189, 115, 118], aux [45, 19, 214]
saved model
Time 03h 04m 16s, episode reward 423.0, episode length 2235
actions stats real [13, 213, 102, 102], aux [71, 36, 190]
saved model
Time 03h 05m 37s, episode reward 426.0, episode length 10001
actions stats real [8113, 48, 84, 86], aux [11, 23, 195]
saved model
Time 03h 06m 40s, episode reward 71.0, episode length 1439
actions stats real [0, 50, 66, 69], aux [16, 25, 141]
saved model
Time 03h 07m 54s, episode reward 414.0, episode length 10001
actions stats real [21, 32, 79, 83], aux [11, 2079, 182]
saved model
Time 03h 09m 07s, episode reward 410.0, episode length 10001
actions stats real [14, 23, 73, 77], aux [13, 18, 1216]
saved model
Time 03h 10m 11s, episode reward 419.0, episode length 2121
actions stats real [12, 280, 89, 93], aux [16, 31, 187]
saved model
Time 03h 11m 14s, episode reward 431.0, episode length 2133
actions stats real [68, 52, 82, 82], aux [19, 44, 205]
saved model
Time 03h 12m 29s, episode reward 415.0, episode length 10001
actions stats real [39, 60, 94, 108], aux [13, 2050, 185]
saved model
Time 03h 13m 43s, episode reward 377.0, episode length 10001
actions stats real [5, 34, 60, 62], aux [7, 2117, 171]
saved model
Time 03h 14m 58s, episode reward 414.0, episode length 10001
actions stats real [6, 67, 75, 78], aux [16, 2078, 179]
saved model
Time 03h 16m 12s, episode reward 415.0, episode length 10001
actions stats real [73, 78, 89, 91], aux [17, 2029, 191]
saved model
Time 03h 17m 27s, episode reward 415.0, episode length 10001
actions stats real [10, 59, 78, 83], aux [11, 2054, 192]
saved model
Time 03h 18m 44s, episode reward 17.0, episode length 10001
actions stats real [1, 2, 23, 25], aux [4758, 3, 53]
saved model
Time 03h 19m 59s, episode reward 415.0, episode length 10001
actions stats real [5, 38, 77, 83], aux [13, 2065, 189]
saved model
Time 03h 21m 20s, episode reward 414.0, episode length 10001
actions stats real [8208, 67, 81, 85], aux [18, 23, 179]
saved model
Time 03h 22m 22s, episode reward 28.0, episode length 835
actions stats real [3, 64, 49, 56], aux [44, 2, 71]
saved model
Time 03h 23m 25s, episode reward 80.0, episode length 1512
actions stats real [0, 150, 109, 115], aux [10, 17, 132]
saved model
Time 03h 24m 46s, episode reward 414.0, episode length 10001
actions stats real [8216, 69, 81, 83], aux [10, 27, 178]
saved model
Time 03h 26m 00s, episode reward 45.0, episode length 10001
actions stats real [0, 7, 43, 46], aux [4, 9, 1234]
saved model
Time 03h 27m 17s, episode reward 414.0, episode length 10001
actions stats real [9, 38, 83, 92], aux [4072, 21, 194]
saved model
Time 03h 28m 31s, episode reward 414.0, episode length 10001
actions stats real [33, 12, 76, 81], aux [14, 2070, 187]
saved model
Time 03h 29m 44s, episode reward 414.0, episode length 10001
actions stats real [1, 30, 70, 77], aux [9, 19, 1217]
saved model
Time 03h 30m 59s, episode reward 414.0, episode length 10001
actions stats real [15, 17, 74, 83], aux [10, 2082, 183]
saved model
Time 03h 32m 20s, episode reward 414.0, episode length 10001
actions stats real [25, 4, 2141, 6293], aux [11, 17, 181]
saved model
Time 03h 33m 33s, episode reward 414.0, episode length 10001
actions stats real [17, 11, 72, 77], aux [11, 17, 1218]
saved model
Time 03h 34m 35s, episode reward 46.0, episode length 1058
actions stats real [0, 35, 48, 49], aux [4, 22, 104]
saved model
Time 03h 35m 49s, episode reward 414.0, episode length 10001
actions stats real [18, 9, 75, 80], aux [10, 17, 1218]
saved model
Time 03h 37m 10s, episode reward 414.0, episode length 10001
actions stats real [8307, 13, 72, 77], aux [10, 18, 180]
saved model
Time 03h 38m 23s, episode reward 431.0, episode length 10001
actions stats real [98, 30, 112, 139], aux [18, 27, 1186]
saved model
Time 03h 39m 39s, episode reward 414.0, episode length 10001
actions stats real [884, 18, 955, 958], aux [9, 17, 888]
saved model
Time 03h 40m 55s, episode reward 414.0, episode length 10001
actions stats real [1, 907, 953, 957], aux [10, 17, 887]
saved model
Time 03h 42m 08s, episode reward 431.0, episode length 10001
actions stats real [5, 37, 82, 85], aux [11, 18, 1214]
saved model
Time 03h 43m 26s, episode reward 414.0, episode length 10001
actions stats real [7, 3016, 954, 958], aux [11, 195, 533]
saved model
Time 03h 44m 28s, episode reward 55.0, episode length 1184
actions stats real [1, 112, 57, 59], aux [8, 28, 104]
saved model
Time 03h 45m 43s, episode reward 419.0, episode length 10001
actions stats real [13, 38, 84, 90], aux [11, 2065, 187]
saved model
Time 03h 46m 57s, episode reward 421.0, episode length 10001
actions stats real [96, 11, 216, 216], aux [528, 780, 662]
saved model
Time 03h 48m 19s, episode reward 414.0, episode length 10001
actions stats real [8267, 4, 82, 84], aux [12, 17, 184]
saved model
Time 03h 49m 34s, episode reward 421.0, episode length 10001
actions stats real [674, 523, 209, 209], aux [537, 433, 698]
saved model
Time 03h 50m 48s, episode reward 431.0, episode length 10001
actions stats real [8, 41, 80, 83], aux [11, 2050, 196]
saved model
Time 03h 52m 04s, episode reward 421.0, episode length 10001
actions stats real [1176, 893, 157, 157], aux [362, 107, 809]
saved model
Time 03h 53m 18s, episode reward 415.0, episode length 10001
actions stats real [16, 27, 77, 80], aux [13, 2075, 185]
saved model
Time 03h 54m 36s, episode reward 414.0, episode length 10001
actions stats real [909, 840, 1150, 1231], aux [376, 198, 541]
saved model
Time 03h 55m 50s, episode reward 415.0, episode length 10001
actions stats real [5, 39, 77, 79], aux [18, 2072, 185]
saved model
Time 03h 57m 04s, episode reward 431.0, episode length 10001
actions stats real [20, 38, 89, 91], aux [35, 2026, 199]
saved model
Time 03h 58m 25s, episode reward 426.0, episode length 10001
actions stats real [41, 25, 2372, 5889], aux [11, 22, 196]
saved model
Time 03h 59m 38s, episode reward 415.0, episode length 10001
actions stats real [7, 31, 77, 80], aux [20, 17, 1214]
saved model
Time 04h 00m 53s, episode reward 415.0, episode length 10001
actions stats real [18, 26, 78, 84], aux [11, 2072, 186]
saved model
Time 04h 02m 14s, episode reward 415.0, episode length 10001
actions stats real [8219, 9, 77, 82], aux [15, 18, 189]
saved model
Time 04h 03m 35s, episode reward 431.0, episode length 10001
actions stats real [8127, 5, 81, 84], aux [20, 22, 197]
saved model
Time 04h 04m 56s, episode reward 419.0, episode length 10001
actions stats real [16, 38, 2745, 5410], aux [17, 25, 208]
saved model
Time 04h 06m 09s, episode reward 415.0, episode length 10001
actions stats real [9, 30, 78, 82], aux [12, 19, 1214]
saved model
Time 04h 07m 26s, episode reward 415.0, episode length 10001
actions stats real [29, 20, 77, 83], aux [4106, 21, 188]
saved model
Time 04h 08m 39s, episode reward 415.0, episode length 10001
actions stats real [9, 24, 77, 77], aux [16, 20, 1214]
saved model
Time 04h 09m 52s, episode reward 415.0, episode length 10001
actions stats real [2, 31, 76, 78], aux [14, 21, 1214]
saved model
Time 04h 11m 14s, episode reward 384.0, episode length 10001
actions stats real [8311, 73, 75, 74], aux [8, 17, 174]
saved model
Time 04h 12m 30s, episode reward 358.0, episode length 10001
actions stats real [2442, 35, 67, 69], aux [8, 17, 914]
saved model
Time 04h 13m 51s, episode reward 419.0, episode length 10001
actions stats real [8093, 30, 88, 91], aux [15, 25, 197]
saved model
Time 04h 15m 08s, episode reward 419.0, episode length 10001
actions stats real [11, 56, 84, 85], aux [4045, 19, 200]
saved model
Time 04h 16m 22s, episode reward 419.0, episode length 10001
actions stats real [14, 33, 83, 91], aux [58, 2020, 198]
saved model
Time 04h 17m 36s, episode reward 415.0, episode length 10001
actions stats real [5, 30, 76, 82], aux [27, 2063, 189]
saved model
Time 04h 18m 57s, episode reward 431.0, episode length 10001
actions stats real [22, 17, 8165, 81], aux [14, 22, 200]
saved model
Time 04h 20m 13s, episode reward 431.0, episode length 10001
actions stats real [23, 13, 79, 81], aux [4063, 20, 200]
saved model
Time 04h 21m 28s, episode reward 419.0, episode length 10001
actions stats real [63, 14, 91, 92], aux [30, 2014, 204]
saved model
Time 04h 22m 42s, episode reward 415.0, episode length 10001
actions stats real [19, 19, 79, 84], aux [18, 2063, 190]
saved model
Time 04h 24m 03s, episode reward 419.0, episode length 10001
actions stats real [14, 35, 2099, 6113], aux [18, 30, 198]
saved model
Time 04h 25m 17s, episode reward 415.0, episode length 10001
actions stats real [26, 13, 75, 76], aux [13, 2073, 187]
saved model
Time 04h 26m 38s, episode reward 419.0, episode length 10001
actions stats real [7974, 36, 117, 114], aux [16, 40, 196]
saved model
Time 04h 27m 53s, episode reward 351.0, episode length 10001
actions stats real [19, 61, 77, 81], aux [20, 2120, 156]
saved model
Time 04h 28m 57s, episode reward 427.0, episode length 2335
actions stats real [3, 201, 117, 107], aux [63, 37, 205]
saved model
Time 04h 30m 18s, episode reward 419.0, episode length 10001
actions stats real [23, 32, 8127, 95], aux [14, 24, 200]
saved model
Time 04h 31m 35s, episode reward 415.0, episode length 10001
actions stats real [548, 743, 969, 1156], aux [371, 20, 721]
saved model
Time 04h 32m 37s, episode reward 83.0, episode length 1339
actions stats real [3, 48, 88, 87], aux [10, 20, 128]
saved model
Time 04h 33m 40s, episode reward 56.0, episode length 1205
actions stats real [1, 26, 66, 69], aux [11, 16, 121]
saved model
Time 04h 34m 43s, episode reward 139.0, episode length 1841
actions stats real [21, 98, 110, 110], aux [31, 21, 172]
saved model
Time 04h 35m 45s, episode reward 88.0, episode length 1480
actions stats real [5, 48, 81, 81], aux [29, 15, 144]
saved model
Time 04h 37m 02s, episode reward 419.0, episode length 10001
actions stats real [147, 181, 793, 795], aux [2085, 19, 480]
saved model
Time 04h 38m 03s, episode reward 3.0, episode length 212
actions stats real [0, 83, 13, 12], aux [0, 0, 13]
saved model
Time 04h 39m 19s, episode reward 415.0, episode length 10001
actions stats real [183, 785, 1077, 1082], aux [730, 269, 543]
saved model
Time 04h 40m 36s, episode reward 415.0, episode length 10001
actions stats real [17, 31, 76, 81], aux [4112, 23, 186]
saved model
Time 04h 41m 40s, episode reward 419.0, episode length 2114
actions stats real [23, 71, 118, 109], aux [15, 29, 207]
saved model
Time 04h 42m 58s, episode reward 415.0, episode length 10001
actions stats real [9, 2875, 978, 984], aux [13, 913, 185]
saved model
Time 04h 44m 11s, episode reward 419.0, episode length 10001
actions stats real [8, 36, 88, 82], aux [13, 25, 1209]
saved model
Time 04h 45m 30s, episode reward 415.0, episode length 10001
actions stats real [1857, 673, 1686, 1693], aux [191, 195, 367]
saved model
Time 04h 46m 33s, episode reward 395.0, episode length 1804
actions stats real [5, 91, 83, 94], aux [9, 28, 176]
saved model
Time 04h 47m 50s, episode reward 415.0, episode length 10001
actions stats real [1085, 22, 1148, 1153], aux [14, 555, 544]
saved model
Time 04h 49m 04s, episode reward 419.0, episode length 10001
actions stats real [67, 9, 97, 104], aux [20, 2017, 202]
saved model
Time 04h 50m 23s, episode reward 415.0, episode length 10001
actions stats real [1804, 1282, 966, 1148], aux [905, 376, 186]
saved model
Time 04h 51m 41s, episode reward 415.0, episode length 10001
actions stats real [1806, 26, 966, 972], aux [193, 1092, 185]
saved model
Time 04h 52m 57s, episode reward 419.0, episode length 10001
actions stats real [762, 391, 783, 789], aux [16, 1081, 365]
saved model
Time 04h 54m 10s, episode reward 415.0, episode length 10001
actions stats real [72, 2, 76, 81], aux [14, 17, 1211]
saved model
Time 04h 55m 25s, episode reward 419.0, episode length 10001
actions stats real [8, 42, 87, 90], aux [43, 2030, 196]
saved model
Time 04h 56m 27s, episode reward 347.0, episode length 1624
actions stats real [7, 54, 77, 78], aux [12, 18, 164]
saved model
Time 04h 57m 41s, episode reward 419.0, episode length 10001
actions stats real [51, 12, 85, 87], aux [24, 29, 1201]
saved model
Time 04h 59m 02s, episode reward 419.0, episode length 10001
actions stats real [12, 28, 88, 8163], aux [13, 31, 195]
saved model
Time 05h 00m 05s, episode reward 417.0, episode length 2104
actions stats real [23, 165, 84, 83], aux [58, 51, 179]
saved model
Time 05h 01m 19s, episode reward 419.0, episode length 10001
actions stats real [17, 31, 89, 97], aux [34, 2036, 195]
saved model
Time 05h 02m 35s, episode reward 28.0, episode length 10001
actions stats real [1, 3, 37, 37], aux [2, 2334, 73]
saved model
Time 05h 03m 54s, episode reward 415.0, episode length 10001
actions stats real [1013, 2655, 1243, 1611], aux [209, 115, 326]
saved model
Time 05h 05m 15s, episode reward 419.0, episode length 10001
actions stats real [8018, 29, 94, 94], aux [17, 47, 193]
saved model
Time 05h 06m 17s, episode reward 38.0, episode length 1125
actions stats real [4, 44, 60, 64], aux [18, 22, 104]
saved model
Time 05h 07m 19s, episode reward 23.0, episode length 792
actions stats real [22, 86, 48, 52], aux [10, 19, 61]
saved model
Time 05h 08m 21s, episode reward 47.0, episode length 1177
actions stats real [18, 53, 58, 60], aux [6, 24, 110]
saved model
Time 05h 09m 23s, episode reward 63.0, episode length 1223
actions stats real [27, 18, 66, 65], aux [6, 13, 123]
saved model
Time 05h 10m 44s, episode reward 419.0, episode length 10001
actions stats real [8072, 24, 86, 87], aux [24, 31, 195]
saved model
Time 05h 11m 58s, episode reward 423.0, episode length 10001
actions stats real [76, 63, 99, 101], aux [14, 1997, 206]
saved model
Time 05h 13m 12s, episode reward 423.0, episode length 10001
actions stats real [17, 34, 89, 102], aux [20, 30, 1201]
saved model
Time 05h 14m 24s, episode reward 431.0, episode length 10001
actions stats real [23, 18, 80, 83], aux [22, 19, 1210]
saved model
Time 05h 15m 38s, episode reward 415.0, episode length 10001
actions stats real [22, 12, 84, 89], aux [20, 2065, 187]
saved model
Time 05h 16m 53s, episode reward 43.0, episode length 10001
actions stats real [2, 4, 40, 40], aux [4, 2299, 90]
saved model
Time 05h 17m 54s, episode reward 25.0, episode length 756
actions stats real [1, 138, 48, 49], aux [20, 17, 52]
saved model
Time 05h 19m 09s, episode reward 30.0, episode length 10001
actions stats real [2, 2, 37, 37], aux [2, 2322, 79]
saved model
Time 05h 20m 24s, episode reward 422.0, episode length 10001
actions stats real [10, 739, 259, 262], aux [11, 19, 1080]
saved model
Time 05h 21m 28s, episode reward 431.0, episode length 2401
actions stats real [16, 303, 106, 108], aux [18, 28, 215]
saved model
Time 05h 22m 42s, episode reward 427.0, episode length 10001
actions stats real [42, 296, 120, 121], aux [11, 1940, 205]
saved model
Time 05h 23m 44s, episode reward 73.0, episode length 1452
actions stats real [9, 41, 86, 85], aux [11, 16, 144]
saved model
Time 05h 25m 04s, episode reward 426.0, episode length 10001
actions stats real [11, 5198, 873, 875], aux [10, 194, 281]
saved model
Time 05h 26m 06s, episode reward 42.0, episode length 1042
actions stats real [21, 121, 62, 62], aux [8, 12, 89]
saved model
Time 05h 27m 08s, episode reward 56.0, episode length 1300
actions stats real [3, 71, 72, 72], aux [9, 12, 128]
saved model
Time 05h 28m 12s, episode reward 431.0, episode length 2298
actions stats real [4, 113, 101, 99], aux [127, 26, 203]
saved model
Time 05h 29m 33s, episode reward 431.0, episode length 10001
actions stats real [7571, 293, 113, 122], aux [53, 25, 212]
saved model
Time 05h 30m 35s, episode reward 72.0, episode length 1465
actions stats real [60, 44, 69, 70], aux [5, 11, 146]
saved model
Time 05h 31m 50s, episode reward 431.0, episode length 10001
actions stats real [90, 1669, 398, 394], aux [146, 20, 886]
saved model
Time 05h 33m 11s, episode reward 431.0, episode length 10001
actions stats real [8053, 42, 92, 93], aux [11, 15, 205]
saved model
Time 05h 34m 25s, episode reward 422.0, episode length 10001
actions stats real [39, 9, 83, 84], aux [10, 15, 1214]
saved model
Time 05h 35m 40s, episode reward 422.0, episode length 10001
actions stats real [24, 28, 1194, 1193], aux [17, 15, 934]
saved model
Time 05h 36m 54s, episode reward 333.0, episode length 10001
actions stats real [7, 11, 46, 49], aux [7, 8, 1231]
saved model
Time 05h 38m 07s, episode reward 431.0, episode length 10001
actions stats real [14, 43, 91, 95], aux [29, 16, 1205]
saved model
Time 05h 39m 10s, episode reward 411.0, episode length 1990
actions stats real [7, 149, 82, 82], aux [87, 16, 179]
saved model
Time 05h 40m 31s, episode reward 431.0, episode length 10001
actions stats real [8030, 38, 109, 106], aux [12, 19, 203]
saved model
Time 05h 41m 52s, episode reward 431.0, episode length 10001
actions stats real [8006, 53, 98, 100], aux [12, 26, 202]
saved model
Time 05h 42m 54s, episode reward 66.0, episode length 1371
actions stats real [12, 50, 81, 82], aux [5, 16, 134]
saved model
Time 05h 43m 57s, episode reward 72.0, episode length 1314
actions stats real [3, 72, 72, 71], aux [18, 39, 113]
saved model
Time 05h 45m 00s, episode reward 411.0, episode length 1931
actions stats real [104, 65, 92, 94], aux [63, 46, 159]
saved model
Time 05h 46m 21s, episode reward 431.0, episode length 10001
actions stats real [103, 140, 2627, 5139], aux [23, 63, 212]
saved model
Time 05h 47m 42s, episode reward 423.0, episode length 10001
actions stats real [25, 29, 2756, 5424], aux [15, 21, 207]
saved model
Time 05h 49m 02s, episode reward 431.0, episode length 10001
actions stats real [23, 61, 98, 8058], aux [14, 25, 205]
saved model
Time 05h 50m 17s, episode reward 416.0, episode length 10001
actions stats real [71, 39, 84, 85], aux [26, 2048, 186]
saved model
Time 05h 51m 34s, episode reward 358.0, episode length 10001
actions stats real [2, 61, 68, 69], aux [4195, 15, 169]
saved model
Time 05h 52m 38s, episode reward 412.0, episode length 2243
actions stats real [16, 232, 103, 104], aux [28, 32, 201]
saved model
Time 05h 53m 40s, episode reward 60.0, episode length 1120
actions stats real [9, 66, 64, 64], aux [9, 12, 107]
saved model
Time 05h 55m 01s, episode reward 431.0, episode length 10001
actions stats real [19, 20, 8100, 94], aux [26, 27, 201]
saved model
Time 05h 56m 03s, episode reward 102.0, episode length 1527
actions stats real [63, 68, 77, 78], aux [11, 22, 142]
saved model
Time 05h 57m 23s, episode reward 426.0, episode length 10001
actions stats real [124, 4416, 603, 604], aux [363, 496, 193]
saved model
Time 05h 58m 40s, episode reward 431.0, episode length 10001
actions stats real [46, 1758, 404, 411], aux [1622, 637, 199]
saved model
Time 06h 00m 00s, episode reward 431.0, episode length 10001
actions stats real [22, 15, 7985, 119], aux [31, 43, 204]
saved model
Time 06h 01m 21s, episode reward 431.0, episode length 10001
actions stats real [8082, 2, 81, 90], aux [17, 22, 203]
saved model
Time 06h 02m 42s, episode reward 423.0, episode length 10001
actions stats real [54, 35, 86, 8102], aux [20, 15, 203]
saved model
Time 06h 04m 03s, episode reward 431.0, episode length 10001
actions stats real [12, 60, 8098, 97], aux [15, 18, 204]
saved model
Time 06h 05m 17s, episode reward 408.0, episode length 10001
actions stats real [54, 29, 73, 74], aux [14, 15, 1211]
saved model
Time 06h 06m 35s, episode reward 409.0, episode length 10001
actions stats real [866, 78, 1888, 1890], aux [20, 15, 648]
saved model
Time 06h 07m 36s, episode reward 43.0, episode length 850
actions stats real [2, 42, 65, 70], aux [14, 7, 78]
saved model
Time 06h 08m 54s, episode reward 381.0, episode length 10001
actions stats real [1029, 840, 59, 61], aux [1870, 12, 528]
saved model
Time 06h 10m 08s, episode reward 431.0, episode length 10001
actions stats real [13, 19, 89, 95], aux [21, 2041, 198]
saved model
Time 06h 11m 21s, episode reward 345.0, episode length 10001
actions stats real [5, 15, 61, 62], aux [8, 16, 1223]
saved model
Time 06h 12m 35s, episode reward 431.0, episode length 10001
actions stats real [5, 37, 91, 91], aux [14, 2032, 203]
saved model
Time 06h 13m 58s, episode reward 11.0, episode length 10001
actions stats real [9561, 7, 26, 27], aux [8, 14, 39]
saved model
Time 06h 15m 19s, episode reward 431.0, episode length 10001
actions stats real [7797, 100, 107, 110], aux [16, 36, 214]
saved model
Time 06h 16m 33s, episode reward 431.0, episode length 10001
actions stats real [11, 25, 90, 92], aux [14, 2035, 202]
saved model
Time 06h 17m 47s, episode reward 431.0, episode length 10001
actions stats real [16, 27, 103, 105], aux [14, 2013, 210]
saved model
Time 06h 18m 51s, episode reward 431.0, episode length 2232
actions stats real [63, 140, 145, 102], aux [15, 32, 203]
saved model
Time 06h 20m 12s, episode reward 431.0, episode length 10001
actions stats real [8037, 47, 92, 101], aux [14, 18, 203]
saved model
Time 06h 21m 33s, episode reward 431.0, episode length 10001
actions stats real [8048, 13, 95, 103], aux [16, 18, 205]
saved model
Time 06h 22m 54s, episode reward 431.0, episode length 10001
actions stats real [8042, 5, 115, 97], aux [15, 20, 204]
saved model
Time 06h 24m 10s, episode reward 431.0, episode length 10001
actions stats real [18, 8, 90, 100], aux [4045, 16, 204]
saved model
Time 06h 25m 13s, episode reward 426.0, episode length 2087
actions stats real [26, 50, 104, 101], aux [23, 44, 198]
saved model
Time 06h 26m 16s, episode reward 99.0, episode length 1717
actions stats real [8, 97, 94, 97], aux [4, 30, 162]
saved model
Time 06h 27m 37s, episode reward 430.0, episode length 10001
actions stats real [14, 15, 8168, 80], aux [14, 20, 202]
saved model
Time 06h 28m 41s, episode reward 436.0, episode length 2452
actions stats real [10, 119, 127, 132], aux [52, 60, 215]
saved model
Time 06h 29m 57s, episode reward 0.0, episode length 10001
actions stats real [0, 0, 0, 1], aux [2214, 877, 258]
saved model
Time 06h 31m 01s, episode reward 153.0, episode length 1760
actions stats real [35, 56, 110, 113], aux [39, 23, 160]
saved model
Time 06h 32m 15s, episode reward 431.0, episode length 10001
actions stats real [16, 18, 95, 93], aux [28, 2035, 198]
saved model
Time 06h 33m 29s, episode reward 431.0, episode length 10001
actions stats real [27, 23, 92, 93], aux [17, 2028, 203]
saved model
Time 06h 34m 32s, episode reward 431.0, episode length 2205
actions stats real [79, 193, 102, 101], aux [15, 19, 203]
saved model
Time 06h 35m 36s, episode reward 431.0, episode length 2106
actions stats real [25, 106, 110, 95], aux [24, 20, 206]
saved model
Time 06h 36m 50s, episode reward 431.0, episode length 10001
actions stats real [1454, 46, 91, 92], aux [16, 21, 1026]
saved model
Time 06h 38m 06s, episode reward 431.0, episode length 10001
actions stats real [7, 29, 1316, 1320], aux [17, 18, 903]
saved model
Time 06h 39m 22s, episode reward 431.0, episode length 10001
actions stats real [15, 21, 88, 91], aux [4045, 17, 204]
saved model
Time 06h 40m 25s, episode reward 401.0, episode length 1897
actions stats real [57, 71, 107, 108], aux [32, 27, 173]
saved model
Time 06h 41m 48s, episode reward 26.0, episode length 10001
actions stats real [0, 17, 38, 9284], aux [3, 8, 78]
saved model
Time 06h 42m 52s, episode reward 431.0, episode length 2281
actions stats real [9, 197, 108, 127], aux [26, 17, 215]
saved model
Time 06h 43m 56s, episode reward 431.0, episode length 2205
actions stats real [9, 147, 99, 104], aux [17, 19, 217]
saved model
Time 06h 45m 12s, episode reward 431.0, episode length 10001
actions stats real [26, 12, 94, 97], aux [4023, 17, 208]
saved model
Time 06h 46m 27s, episode reward 375.0, episode length 10001
actions stats real [0, 61, 82, 86], aux [18, 2101, 167]
saved model
Time 06h 47m 44s, episode reward 431.0, episode length 10001
actions stats real [0, 93, 89, 93], aux [4019, 17, 203]
saved model
Time 06h 49m 00s, episode reward 427.0, episode length 10001
actions stats real [15, 14, 79, 79], aux [4075, 20, 199]
saved model
Time 06h 50m 02s, episode reward 68.0, episode length 1316
actions stats real [1, 104, 72, 73], aux [15, 35, 112]
saved model
Time 06h 51m 19s, episode reward 431.0, episode length 10001
actions stats real [36, 77, 97, 106], aux [3957, 21, 211]
saved model
Time 06h 52m 33s, episode reward 431.0, episode length 10001
actions stats real [22, 3, 94, 104], aux [17, 2030, 203]
saved model
Time 06h 53m 36s, episode reward 431.0, episode length 2038
actions stats real [28, 102, 81, 80], aux [15, 25, 203]
saved model
Time 06h 54m 40s, episode reward 431.0, episode length 2234
actions stats real [21, 139, 101, 100], aux [25, 45, 206]
saved model
Time 06h 56m 01s, episode reward 431.0, episode length 10001
actions stats real [8055, 3, 95, 96], aux [16, 18, 206]
saved model
Time 06h 57m 04s, episode reward 431.0, episode length 2182
actions stats real [26, 208, 120, 90], aux [15, 19, 204]
saved model
Time 06h 58m 21s, episode reward 431.0, episode length 10001
actions stats real [13, 11, 97, 90], aux [4060, 18, 200]
saved model
Time 06h 59m 36s, episode reward 68.0, episode length 10001
actions stats real [0, 17, 73, 74], aux [8, 2178, 139]
saved model
Time 07h 00m 50s, episode reward 431.0, episode length 10001
actions stats real [17, 20, 87, 87], aux [1965, 18, 725]
saved model
Time 07h 02m 07s, episode reward 431.0, episode length 10001
actions stats real [3, 26, 91, 87], aux [4055, 19, 201]
saved model
Time 07h 03m 10s, episode reward 378.0, episode length 1884
actions stats real [24, 88, 98, 99], aux [27, 27, 177]
saved model
Time 07h 04m 13s, episode reward 431.0, episode length 2078
actions stats real [17, 90, 89, 86], aux [18, 16, 212]
saved model
Time 07h 05m 27s, episode reward 430.0, episode length 10001
actions stats real [11, 63, 106, 106], aux [48, 21, 1193]
saved model
Time 07h 06m 43s, episode reward 381.0, episode length 10001
actions stats real [2, 430, 802, 804], aux [394, 1476, 159]
saved model
Time 07h 08m 00s, episode reward 431.0, episode length 10001
actions stats real [21, 12, 95, 101], aux [4038, 16, 204]
saved model
Time 07h 09m 17s, episode reward 399.0, episode length 10001
actions stats real [3, 17, 65, 66], aux [4199, 15, 175]
saved model
Time 07h 10m 38s, episode reward 431.0, episode length 10001
actions stats real [8079, 7, 86, 99], aux [17, 16, 204]
saved model
Time 07h 11m 40s, episode reward 53.0, episode length 1083
actions stats real [3, 20, 70, 69], aux [13, 17, 104]
saved model
Time 07h 12m 43s, episode reward 431.0, episode length 2080
actions stats real [21, 128, 89, 90], aux [20, 16, 206]
saved model
Time 07h 13m 47s, episode reward 431.0, episode length 2179
actions stats real [27, 30, 86, 113], aux [17, 18, 228]
saved model
Time 07h 15m 00s, episode reward 430.0, episode length 10001
actions stats real [16, 6, 70, 70], aux [11, 14, 1222]
saved model
Time 07h 16m 14s, episode reward 431.0, episode length 10001
actions stats real [14, 13, 90, 94], aux [15, 2033, 204]
saved model
Time 07h 17m 17s, episode reward 431.0, episode length 2181
actions stats real [17, 162, 95, 92], aux [18, 29, 208]
saved model
Time 07h 18m 32s, episode reward 431.0, episode length 10001
actions stats real [8, 21, 87, 90], aux [15, 2021, 211]
saved model
Time 07h 19m 52s, episode reward 431.0, episode length 10001
actions stats real [8054, 20, 91, 93], aux [14, 19, 205]
saved model
Time 07h 20m 55s, episode reward 387.0, episode length 1845
actions stats real [52, 50, 88, 93], aux [23, 19, 180]
saved model
Time 07h 22m 09s, episode reward 430.0, episode length 10001
actions stats real [7, 280, 91, 92], aux [17, 17, 1179]
saved model
Time 07h 23m 12s, episode reward 403.0, episode length 1949
actions stats real [72, 96, 98, 100], aux [17, 17, 186]
saved model
Time 07h 24m 27s, episode reward 358.0, episode length 10001
actions stats real [8, 59, 67, 69], aux [11, 2115, 165]
saved model
Time 07h 25m 43s, episode reward 431.0, episode length 10001
actions stats real [2, 62, 88, 92], aux [4027, 18, 204]
saved model
Time 07h 26m 45s, episode reward 29.0, episode length 931
actions stats real [4, 166, 56, 55], aux [19, 9, 72]
saved model
Time 07h 27m 48s, episode reward 85.0, episode length 1410
actions stats real [30, 54, 75, 81], aux [19, 21, 131]
saved model
Time 07h 28m 50s, episode reward 117.0, episode length 1413
actions stats real [8, 67, 102, 117], aux [22, 21, 124]
saved model
Time 07h 29m 53s, episode reward 380.0, episode length 1777
actions stats real [63, 90, 65, 69], aux [11, 37, 165]
saved model
Time 07h 31m 15s, episode reward 409.0, episode length 10001
actions stats real [8298, 17, 71, 81], aux [26, 26, 173]
saved model
Time 07h 32m 18s, episode reward 431.0, episode length 2080
actions stats real [9, 66, 98, 119], aux [18, 17, 211]
saved model
Time 07h 33m 22s, episode reward 431.0, episode length 2395
actions stats real [17, 340, 113, 115], aux [22, 16, 213]
saved model
Time 07h 34m 35s, episode reward 431.0, episode length 10001
actions stats real [19, 8, 99, 100], aux [19, 20, 1208]
saved model
Time 07h 35m 49s, episode reward 431.0, episode length 10001
actions stats real [23, 11, 94, 97], aux [19, 2029, 203]
saved model
Time 07h 36m 53s, episode reward 431.0, episode length 2182
actions stats real [11, 165, 148, 102], aux [14, 28, 202]
saved model
Time 07h 38m 09s, episode reward 431.0, episode length 10001
actions stats real [10, 21, 103, 91], aux [4040, 20, 202]
saved model
Time 07h 39m 13s, episode reward 408.0, episode length 1946
actions stats real [22, 55, 101, 101], aux [15, 19, 196]
saved model
Time 07h 40m 28s, episode reward 431.0, episode length 10001
actions stats real [8, 54, 1991, 106], aux [15, 1543, 205]
saved model
Time 07h 41m 42s, episode reward 419.0, episode length 10001
actions stats real [27, 41, 78, 80], aux [17, 16, 1210]
saved model
Time 07h 42m 56s, episode reward 431.0, episode length 10001
actions stats real [11, 15, 89, 90], aux [15, 2032, 205]
saved model
Time 07h 44m 11s, episode reward 431.0, episode length 10001
actions stats real [16, 8, 1428, 1430], aux [17, 23, 875]
saved model
Time 07h 45m 32s, episode reward 431.0, episode length 10001
actions stats real [27, 160, 7829, 100], aux [65, 21, 209]
saved model
Time 07h 46m 53s, episode reward 431.0, episode length 10001
actions stats real [8019, 6, 100, 91], aux [21, 22, 207]
saved model
Time 07h 48m 10s, episode reward 431.0, episode length 10001
actions stats real [161, 161, 412, 415], aux [2812, 397, 205]
saved model
Time 07h 49m 26s, episode reward 426.0, episode length 10001
actions stats real [191, 22, 587, 590], aux [1062, 1236, 193]
saved model
Time 07h 50m 41s, episode reward 431.0, episode length 10001
actions stats real [9, 19, 896, 898], aux [16, 31, 1004]
saved model
Time 07h 51m 55s, episode reward 431.0, episode length 10001
actions stats real [13, 8, 88, 92], aux [15, 2041, 201]
saved model
Time 07h 53m 16s, episode reward 431.0, episode length 10001
actions stats real [8073, 5, 90, 91], aux [15, 22, 203]
saved model
Time 07h 54m 29s, episode reward 431.0, episode length 10001
actions stats real [17, 6, 91, 90], aux [22, 22, 1209]
saved model
Time 07h 55m 49s, episode reward 431.0, episode length 10001
actions stats real [19, 4, 8128, 92], aux [29, 17, 204]
saved model
Time 07h 57m 04s, episode reward 415.0, episode length 10001
actions stats real [41, 63, 75, 77], aux [37, 2083, 168]
saved model
Time 07h 58m 17s, episode reward 428.0, episode length 10001
actions stats real [51, 53, 97, 100], aux [27, 32, 1190]
saved model
Time 07h 59m 38s, episode reward 431.0, episode length 10001
actions stats real [8050, 13, 96, 92], aux [25, 23, 201]
saved model
Time 08h 00m 55s, episode reward 366.0, episode length 10001
actions stats real [28, 54, 72, 74], aux [4157, 21, 172]
saved model
Time 08h 02m 16s, episode reward 431.0, episode length 10001
actions stats real [15, 10, 4126, 4126], aux [16, 17, 203]
saved model
Time 08h 03m 37s, episode reward 431.0, episode length 10001
actions stats real [14, 15, 8145, 91], aux [16, 16, 205]
saved model
Time 08h 04m 40s, episode reward 375.0, episode length 1801
actions stats real [1, 93, 81, 80], aux [30, 17, 178]
saved model
Time 08h 05m 42s, episode reward 56.0, episode length 1050
actions stats real [9, 94, 71, 78], aux [33, 13, 85]
saved model
Time 08h 07m 03s, episode reward 431.0, episode length 10001
actions stats real [14, 21, 8129, 94], aux [15, 21, 204]
saved model
Time 08h 08m 24s, episode reward 419.0, episode length 10001
actions stats real [8175, 17, 78, 79], aux [20, 17, 193]
saved model
Time 08h 09m 41s, episode reward 431.0, episode length 10001
actions stats real [18, 161, 108, 104], aux [3969, 18, 200]
saved model
Time 08h 10m 45s, episode reward 426.0, episode length 2468
actions stats real [22, 374, 142, 152], aux [17, 24, 206]
saved model
Time 08h 11m 58s, episode reward 428.0, episode length 10001
actions stats real [12, 173, 111, 122], aux [16, 25, 1183]
saved model
Time 08h 13m 12s, episode reward 370.0, episode length 10001
actions stats real [7, 2, 56, 57], aux [10, 13, 1227]
saved model
Time 08h 14m 28s, episode reward 431.0, episode length 10001
actions stats real [32, 175, 113, 110], aux [3874, 29, 214]
saved model
Time 08h 15m 45s, episode reward 427.0, episode length 10001
actions stats real [299, 109, 1801, 1543], aux [18, 26, 764]
saved model
Time 08h 16m 59s, episode reward 358.0, episode length 10001
actions stats real [14, 54, 68, 70], aux [26, 24, 1206]
saved model
Time 08h 18m 01s, episode reward 75.0, episode length 1180
actions stats real [42, 63, 70, 99], aux [7, 17, 103]
saved model
Time 08h 19m 18s, episode reward 431.0, episode length 10001
actions stats real [43, 13, 93, 97], aux [4034, 18, 202]
saved model
Time 08h 20m 38s, episode reward 431.0, episode length 10001
actions stats real [8083, 17, 90, 92], aux [22, 17, 201]
saved model
Time 08h 21m 40s, episode reward 28.0, episode length 945
actions stats real [8, 62, 50, 51], aux [13, 69, 59]
saved model
Time 08h 22m 55s, episode reward 391.0, episode length 10001
actions stats real [9, 26, 67, 68], aux [16, 2116, 167]
saved model
Time 08h 24m 10s, episode reward 391.0, episode length 10001
actions stats real [79, 57, 64, 65], aux [35, 2104, 157]
saved model
Time 08h 25m 13s, episode reward 431.0, episode length 2253
actions stats real [8, 170, 114, 128], aux [39, 36, 202]
saved model
Time 08h 26m 34s, episode reward 431.0, episode length 10001
actions stats real [13, 15, 8162, 89], aux [17, 20, 201]
saved model
Time 08h 27m 38s, episode reward 426.0, episode length 2289
actions stats real [17, 164, 112, 116], aux [24, 30, 214]
saved model
Time 08h 28m 52s, episode reward 428.0, episode length 10001
actions stats real [12, 41, 100, 103], aux [18, 2016, 206]
saved model
Time 08h 30m 08s, episode reward 432.0, episode length 10001
actions stats real [10, 48, 99, 100], aux [3990, 28, 207]
saved model
Time 08h 31m 23s, episode reward 349.0, episode length 10001
actions stats real [1, 38, 57, 59], aux [17, 2142, 156]
saved model
Time 08h 32m 44s, episode reward 431.0, episode length 10001
actions stats real [20, 235, 7898, 104], aux [20, 20, 203]
saved model
Time 08h 33m 48s, episode reward 426.0, episode length 2288
actions stats real [19, 204, 106, 107], aux [54, 20, 208]
saved model
Time 08h 35m 08s, episode reward 431.0, episode length 10001
actions stats real [19, 10, 8100, 100], aux [24, 19, 206]
saved model
Time 08h 36m 29s, episode reward 431.0, episode length 10001
actions stats real [11, 25, 8116, 94], aux [22, 16, 206]
saved model
Time 08h 37m 43s, episode reward 431.0, episode length 10001
actions stats real [15, 228, 101, 107], aux [27, 1967, 204]
saved model
Time 08h 38m 46s, episode reward 102.0, episode length 1618
actions stats real [37, 50, 93, 95], aux [3, 18, 159]
saved model
Time 08h 40m 00s, episode reward 431.0, episode length 10001
actions stats real [17, 17, 90, 87], aux [15, 2035, 203]
saved model
Time 08h 41m 14s, episode reward 431.0, episode length 10001
actions stats real [4, 36, 90, 94], aux [19, 2034, 201]
saved model
Time 08h 42m 17s, episode reward 72.0, episode length 1318
actions stats real [0, 102, 81, 83], aux [16, 11, 122]
saved model
Time 08h 43m 31s, episode reward 431.0, episode length 10001
actions stats real [41, 144, 103, 118], aux [16, 1969, 211]
saved model
Time 08h 44m 35s, episode reward 431.0, episode length 2394
actions stats real [2, 408, 98, 98], aux [18, 22, 208]
saved model
Time 08h 45m 48s, episode reward 428.0, episode length 10001
actions stats real [8, 151, 93, 94], aux [35, 26, 1186]
saved model
Time 08h 47m 05s, episode reward 431.0, episode length 10001
actions stats real [9, 119, 95, 94], aux [3957, 19, 212]
saved model
Time 08h 48m 26s, episode reward 431.0, episode length 10001
actions stats real [8, 223, 7857, 123], aux [23, 22, 207]
saved model
Time 08h 49m 29s, episode reward 431.0, episode length 2235
actions stats real [5, 226, 102, 101], aux [18, 18, 212]
saved model
Time 08h 50m 33s, episode reward 431.0, episode length 2448
actions stats real [13, 299, 113, 118], aux [75, 23, 208]
saved model
Time 08h 51m 36s, episode reward 69.0, episode length 1519
actions stats real [3, 43, 77, 76], aux [9, 14, 156]
saved model
Time 08h 52m 57s, episode reward 431.0, episode length 10001
actions stats real [16, 90, 8035, 96], aux [14, 30, 202]
saved model
Time 08h 54m 01s, episode reward 431.0, episode length 2360
actions stats real [9, 293, 109, 108], aux [24, 37, 206]
saved model
Time 08h 55m 14s, episode reward 428.0, episode length 10001
actions stats real [19, 234, 97, 98], aux [16, 19, 1181]
saved model
Time 08h 56m 27s, episode reward 427.0, episode length 10001
actions stats real [16, 160, 95, 96], aux [14, 20, 1191]
saved model
Time 08h 57m 31s, episode reward 431.0, episode length 2310
actions stats real [8, 198, 185, 183], aux [14, 17, 205]
saved model
Time 08h 58m 35s, episode reward 431.0, episode length 2334
actions stats real [16, 302, 124, 114], aux [15, 21, 208]
saved model
Time 08h 59m 49s, episode reward 428.0, episode length 10001
actions stats real [14, 47, 102, 98], aux [19, 2016, 205]
saved model
Time 09h 01m 10s, episode reward 431.0, episode length 10001
actions stats real [9, 151, 2915, 5140], aux [17, 26, 206]
saved model
Time 09h 02m 23s, episode reward 431.0, episode length 10001
actions stats real [2, 21, 89, 102], aux [17, 17, 1212]
saved model
Time 09h 03m 36s, episode reward 431.0, episode length 10001
actions stats real [25, 96, 110, 134], aux [15, 23, 1190]
saved model
Time 09h 04m 53s, episode reward 381.0, episode length 10001
actions stats real [374, 67, 57, 59], aux [3316, 385, 159]
saved model
Time 09h 06m 06s, episode reward 431.0, episode length 10001
actions stats real [17, 10, 98, 94], aux [15, 17, 1212]
saved model
Time 09h 07m 27s, episode reward 431.0, episode length 10001
actions stats real [10, 128, 7782, 127], aux [17, 26, 227]
saved model
Time 09h 08m 31s, episode reward 432.0, episode length 2270
actions stats real [7, 223, 105, 105], aux [17, 41, 204]
saved model
Time 09h 09m 44s, episode reward 430.0, episode length 10001
actions stats real [7, 98, 94, 95], aux [15, 22, 1200]
saved model
Time 09h 11m 05s, episode reward 431.0, episode length 10001
actions stats real [1, 27, 4115, 4119], aux [14, 18, 205]
saved model
Time 09h 12m 08s, episode reward 431.0, episode length 2313
actions stats real [17, 267, 95, 96], aux [19, 34, 208]
saved model
Time 09h 13m 25s, episode reward 431.0, episode length 10001
actions stats real [33, 89, 1838, 1886], aux [17, 16, 758]
saved model
Time 09h 14m 28s, episode reward 296.0, episode length 1769
actions stats real [0, 76, 71, 73], aux [20, 36, 171]
saved model
Time 09h 15m 30s, episode reward 110.0, episode length 1480
actions stats real [0, 41, 74, 77], aux [11, 14, 152]
saved model
Time 09h 16m 44s, episode reward 75.0, episode length 10001
actions stats real [10, 2, 45, 46], aux [8, 9, 1231]
saved model
Time 09h 17m 48s, episode reward 414.0, episode length 2039
actions stats real [21, 148, 93, 97], aux [26, 37, 186]
saved model
Time 09h 18m 52s, episode reward 426.0, episode length 2363
actions stats real [3, 444, 101, 101], aux [15, 23, 199]
saved model
Time 09h 19m 56s, episode reward 426.0, episode length 2363
actions stats real [4, 404, 112, 111], aux [14, 22, 202]
saved model
Time 09h 21m 00s, episode reward 427.0, episode length 2279
actions stats real [16, 281, 113, 115], aux [15, 31, 200]
saved model
Time 09h 22m 20s, episode reward 431.0, episode length 10001
actions stats real [8065, 5, 88, 93], aux [24, 18, 204]
saved model
Time 09h 23m 23s, episode reward 45.0, episode length 1159
actions stats real [5, 168, 65, 65], aux [16, 10, 98]
saved model
Time 09h 24m 25s, episode reward 83.0, episode length 1497
actions stats real [3, 63, 85, 86], aux [32, 29, 135]
saved model
Time 09h 25m 40s, episode reward 430.0, episode length 10001
actions stats real [17, 56, 90, 89], aux [13, 2036, 198]
saved model
Time 09h 26m 42s, episode reward 48.0, episode length 1157
actions stats real [2, 42, 69, 72], aux [20, 15, 110]
saved model
Time 09h 27m 45s, episode reward 431.0, episode length 2126
actions stats real [17, 132, 100, 115], aux [14, 32, 201]
saved model
Time 09h 29m 06s, episode reward 431.0, episode length 10001
actions stats real [7919, 171, 99, 100], aux [16, 24, 198]
saved model
Time 09h 30m 21s, episode reward 379.0, episode length 10001
actions stats real [2, 9, 60, 62], aux [9, 2137, 164]
saved model
Time 09h 31m 25s, episode reward 426.0, episode length 2365
actions stats real [23, 443, 107, 116], aux [14, 22, 195]
saved model
Time 09h 32m 38s, episode reward 431.0, episode length 10001
actions stats real [17, 22, 86, 88], aux [16, 18, 1211]
saved model
Time 09h 33m 59s, episode reward 431.0, episode length 10001
actions stats real [8050, 15, 92, 103], aux [16, 22, 203]
saved model
Time 09h 35m 04s, episode reward 431.0, episode length 2587
actions stats real [11, 363, 159, 151], aux [34, 27, 216]
saved model
Time 09h 36m 18s, episode reward 431.0, episode length 10001
actions stats real [67, 135, 107, 111], aux [15, 1958, 215]
saved model
Time 09h 37m 19s, episode reward 20.0, episode length 741
actions stats real [6, 46, 57, 58], aux [15, 14, 61]
saved model
Time 09h 38m 22s, episode reward 51.0, episode length 1195
actions stats real [4, 42, 59, 60], aux [7, 13, 121]
saved model
Time 09h 39m 36s, episode reward 431.0, episode length 10001
actions stats real [36, 31, 89, 90], aux [18, 2039, 196]
saved model
Time 09h 40m 39s, episode reward 431.0, episode length 2234
actions stats real [19, 130, 99, 109], aux [19, 30, 215]
saved model
Time 09h 41m 56s, episode reward 423.0, episode length 10001
actions stats real [5, 75, 84, 86], aux [4016, 25, 203]
saved model
Time 09h 43m 09s, episode reward 431.0, episode length 10001
actions stats real [6, 18, 91, 97], aux [18, 20, 1210]
saved model
Time 09h 44m 30s, episode reward 431.0, episode length 10001
actions stats real [14, 11, 90, 8154], aux [16, 23, 201]
saved model
Time 09h 45m 46s, episode reward 349.0, episode length 10001
actions stats real [9, 1151, 426, 427], aux [10, 200, 896]
saved model
Time 09h 47m 00s, episode reward 431.0, episode length 10001
actions stats real [6, 20, 97, 102], aux [15, 2033, 202]
saved model
Time 09h 48m 01s, episode reward 30.0, episode length 877
actions stats real [41, 137, 45, 46], aux [2, 19, 66]
saved model
Time 09h 49m 05s, episode reward 431.0, episode length 2159
actions stats real [14, 99, 100, 105], aux [15, 45, 204]
saved model
Time 09h 50m 18s, episode reward 431.0, episode length 10001
actions stats real [13, 12, 86, 86], aux [14, 21, 1213]
saved model
Time 09h 51m 22s, episode reward 432.0, episode length 2333
actions stats real [17, 167, 106, 130], aux [35, 41, 210]
saved model
Time 09h 52m 38s, episode reward 431.0, episode length 10001
actions stats real [27, 6, 87, 89], aux [4029, 20, 207]
saved model
Time 09h 53m 40s, episode reward 70.0, episode length 1243
actions stats real [13, 70, 82, 86], aux [13, 12, 115]
saved model
Time 09h 54m 44s, episode reward 432.0, episode length 2127
actions stats real [44, 75, 102, 106], aux [32, 34, 200]
saved model
Time 09h 55m 58s, episode reward 431.0, episode length 10001
actions stats real [7, 15, 89, 86], aux [17, 2033, 205]
saved model
Time 09h 57m 00s, episode reward 100.0, episode length 1395
actions stats real [1, 102, 83, 83], aux [14, 15, 130]
saved model
Time 09h 58m 21s, episode reward 431.0, episode length 10001
actions stats real [12, 63, 8015, 115], aux [46, 22, 202]
saved model
Time 09h 59m 24s, episode reward 110.0, episode length 1615
actions stats real [15, 96, 89, 91], aux [60, 21, 141]
saved model
Time 10h 00m 37s, episode reward 431.0, episode length 10001
actions stats real [5, 18, 94, 115], aux [15, 17, 1210]
saved model
Time 10h 01m 51s, episode reward 33.0, episode length 10001
actions stats real [1, 14, 38, 40], aux [217, 302, 1034]
saved model
Time 10h 02m 55s, episode reward 431.0, episode length 2234
actions stats real [3, 201, 108, 112], aux [29, 20, 209]
saved model
Time 10h 03m 58s, episode reward 432.0, episode length 2228
actions stats real [11, 157, 110, 112], aux [61, 23, 203]
saved model
Time 10h 05m 02s, episode reward 431.0, episode length 2458
actions stats real [24, 251, 123, 118], aux [91, 32, 204]
saved model
Time 10h 06m 05s, episode reward 76.0, episode length 1358
actions stats real [4, 45, 72, 75], aux [21, 10, 135]
saved model
Time 10h 07m 26s, episode reward 431.0, episode length 10001
actions stats real [8056, 21, 104, 100], aux [20, 18, 201]
saved model
Time 10h 08m 39s, episode reward 431.0, episode length 10001
actions stats real [15, 9, 88, 92], aux [15, 21, 1211]
saved model
Time 10h 09m 42s, episode reward 431.0, episode length 2228
actions stats real [14, 126, 113, 205], aux [19, 25, 204]
saved model
Time 10h 10m 46s, episode reward 431.0, episode length 2236
actions stats real [17, 81, 130, 116], aux [24, 55, 203]
saved model
Time 10h 11m 59s, episode reward 431.0, episode length 10001
actions stats real [8, 18, 87, 88], aux [15, 19, 1213]
saved model
Time 10h 13m 02s, episode reward 431.0, episode length 2107
actions stats real [20, 58, 127, 87], aux [16, 31, 208]
saved model
Time 10h 14m 19s, episode reward 431.0, episode length 10001
actions stats real [21, 6, 93, 92], aux [4027, 18, 208]
saved model
Time 10h 15m 22s, episode reward 431.0, episode length 2182
actions stats real [7, 100, 147, 90], aux [43, 18, 210]
saved model
Time 10h 16m 24s, episode reward 27.0, episode length 882
actions stats real [0, 53, 38, 39], aux [8, 18, 83]
saved model
Time 10h 17m 28s, episode reward 431.0, episode length 2308
actions stats real [19, 151, 116, 117], aux [61, 20, 213]
saved model
Time 10h 18m 48s, episode reward 431.0, episode length 10001
actions stats real [15, 12, 8165, 91], aux [17, 17, 202]
saved model
Time 10h 20m 09s, episode reward 431.0, episode length 10001
actions stats real [8077, 7, 104, 87], aux [17, 17, 203]
saved model
Time 10h 21m 23s, episode reward 431.0, episode length 10001
actions stats real [8, 18, 88, 97], aux [17, 2034, 203]
saved model
Time 10h 22m 38s, episode reward 351.0, episode length 10001
actions stats real [7, 60, 58, 60], aux [13, 2140, 154]
saved model
Time 10h 23m 41s, episode reward 364.0, episode length 1840
actions stats real [23, 50, 80, 81], aux [31, 15, 186]
saved model
Time 10h 24m 55s, episode reward 353.0, episode length 10001
actions stats real [18, 40, 70, 71], aux [32, 23, 1207]
saved model
Time 10h 26m 09s, episode reward 349.0, episode length 10001
actions stats real [3, 41, 56, 58], aux [12, 13, 1222]
saved model
Time 10h 27m 12s, episode reward 363.0, episode length 1940
actions stats real [4, 137, 82, 86], aux [22, 17, 192]
saved model
Time 10h 28m 33s, episode reward 431.0, episode length 10001
actions stats real [10, 15, 89, 8157], aux [19, 21, 201]
saved model
Time 10h 29m 34s, episode reward 34.0, episode length 783
actions stats real [31, 9, 65, 65], aux [30, 22, 59]
saved model
Time 10h 30m 47s, episode reward 431.0, episode length 10001
actions stats real [10, 17, 88, 109], aux [17, 18, 1210]
saved model
Time 10h 32m 08s, episode reward 431.0, episode length 10001
actions stats real [16, 7, 88, 8161], aux [19, 19, 202]
saved model
Time 10h 33m 11s, episode reward 417.0, episode length 2034
actions stats real [22, 103, 103, 113], aux [88, 21, 180]
saved model
Time 10h 34m 14s, episode reward 73.0, episode length 1520
actions stats real [7, 27, 92, 90], aux [33, 31, 140]
saved model
Time 10h 35m 27s, episode reward 427.0, episode length 10001
actions stats real [79, 29, 97, 98], aux [32, 21, 1194]
saved model
Time 10h 36m 48s, episode reward 431.0, episode length 10001
actions stats real [20, 12, 8118, 93], aux [18, 25, 203]
saved model
Time 10h 38m 02s, episode reward 431.0, episode length 10001
actions stats real [20, 15, 92, 98], aux [20, 2031, 202]
saved model
Time 10h 39m 16s, episode reward 431.0, episode length 10001
actions stats real [15, 13, 88, 99], aux [16, 2034, 203]
saved model
Time 10h 40m 20s, episode reward 430.0, episode length 2164
actions stats real [42, 59, 84, 87], aux [114, 18, 199]
saved model
Time 10h 41m 34s, episode reward 350.0, episode length 10001
actions stats real [10, 9, 61, 63], aux [15, 2131, 163]
saved model
Time 10h 42m 37s, episode reward 51.0, episode length 1313
actions stats real [1, 71, 73, 75], aux [5, 33, 119]
saved model
Time 10h 43m 43s, episode reward 431.0, episode length 3315
actions stats real [14, 125, 1335, 91], aux [27, 16, 204]
saved model
Time 10h 44m 59s, episode reward 431.0, episode length 10001
actions stats real [19, 114, 88, 92], aux [4003, 22, 200]
saved model
Time 10h 46m 20s, episode reward 431.0, episode length 10001
actions stats real [18, 9, 8171, 91], aux [18, 17, 201]
saved model
Time 10h 47m 33s, episode reward 419.0, episode length 10001
actions stats real [17, 12, 80, 81], aux [17, 17, 1215]
saved model
Time 10h 48m 37s, episode reward 431.0, episode length 2188
actions stats real [10, 103, 95, 133], aux [21, 50, 201]
saved model
Time 10h 49m 51s, episode reward 431.0, episode length 10001
actions stats real [12, 9, 86, 98], aux [15, 2042, 200]
saved model
Time 10h 50m 53s, episode reward 84.0, episode length 1401
actions stats real [10, 115, 74, 76], aux [53, 27, 114]
saved model
Time 10h 51m 57s, episode reward 431.0, episode length 2153
actions stats real [8, 188, 119, 110], aux [18, 23, 200]
saved model
Time 10h 53m 15s, episode reward 431.0, episode length 10001
actions stats real [7, 17, 2110, 2129], aux [2031, 21, 199]
saved model
Time 10h 54m 36s, episode reward 431.0, episode length 10001
actions stats real [8091, 9, 91, 98], aux [20, 18, 200]
saved model
Time 10h 55m 52s, episode reward 381.0, episode length 10001
actions stats real [1, 58, 494, 496], aux [1400, 566, 486]
saved model
Time 10h 57m 10s, episode reward 381.0, episode length 10001
actions stats real [8, 1332, 975, 977], aux [1033, 563, 299]
saved model
Time 10h 58m 13s, episode reward 357.0, episode length 1643
actions stats real [1, 113, 62, 61], aux [33, 13, 161]
saved model
Time 10h 59m 29s, episode reward 431.0, episode length 10001
actions stats real [17, 9, 96, 111], aux [4025, 26, 202]
saved model
Time 11h 00m 32s, episode reward 357.0, episode length 1668
actions stats real [9, 104, 66, 66], aux [32, 14, 163]
saved model
Time 11h 01m 53s, episode reward 431.0, episode length 10001
actions stats real [12, 17, 8145, 97], aux [17, 26, 199]
saved model
Time 11h 02m 56s, episode reward 357.0, episode length 1666
actions stats real [6, 115, 65, 64], aux [34, 15, 161]
saved model
Time 11h 04m 18s, episode reward 41.0, episode length 10001
actions stats real [6, 39, 45, 9185], aux [5, 39, 70]
saved model
Time 11h 05m 21s, episode reward 74.0, episode length 1473
actions stats real [7, 55, 76, 79], aux [33, 21, 139]
saved model
Time 11h 06m 25s, episode reward 431.0, episode length 2258
actions stats real [7, 158, 97, 98], aux [24, 22, 221]
saved model
Time 11h 07m 37s, episode reward 431.0, episode length 10001
actions stats real [11, 10, 86, 86], aux [15, 17, 1215]
saved model
Time 11h 08m 50s, episode reward 431.0, episode length 10001
actions stats real [15, 26, 92, 92], aux [24, 19, 1208]
saved model
Time 11h 10m 07s, episode reward 431.0, episode length 10001
actions stats real [8, 88, 101, 101], aux [3934, 31, 214]
saved model
Time 11h 11m 10s, episode reward 83.0, episode length 1683
actions stats real [4, 83, 97, 98], aux [17, 36, 153]
saved model
Time 11h 12m 26s, episode reward 431.0, episode length 10001
actions stats real [4, 15, 86, 88], aux [4065, 22, 199]
saved model
Time 11h 13m 43s, episode reward 426.0, episode length 10001
actions stats real [5, 1023, 1416, 1421], aux [840, 16, 549]
saved model
Time 11h 14m 46s, episode reward 69.0, episode length 1271
actions stats real [25, 14, 76, 77], aux [11, 13, 127]
saved model
Time 11h 16m 07s, episode reward 431.0, episode length 10001
actions stats real [12, 28, 8151, 92], aux [19, 26, 197]
saved model
Time 11h 17m 10s, episode reward 369.0, episode length 1788
actions stats real [17, 107, 101, 105], aux [31, 17, 166]
saved model
Time 11h 18m 26s, episode reward 431.0, episode length 10001
actions stats real [10, 13, 96, 97], aux [4051, 17, 202]
saved model
Time 11h 19m 46s, episode reward 431.0, episode length 10001
actions stats real [6, 28, 8144, 102], aux [21, 22, 199]
saved model
Time 11h 21m 04s, episode reward 43.0, episode length 10001
actions stats real [6, 18, 56, 56], aux [4527, 13, 95]
saved model
Time 11h 22m 07s, episode reward 432.0, episode length 2150
actions stats real [5, 153, 96, 96], aux [38, 35, 198]
saved model
Time 11h 23m 11s, episode reward 431.0, episode length 2215
actions stats real [13, 59, 106, 128], aux [45, 40, 208]
saved model
Time 11h 24m 31s, episode reward 431.0, episode length 10001
actions stats real [7, 31, 8137, 94], aux [26, 18, 201]
saved model
Time 11h 25m 48s, episode reward 366.0, episode length 10001
actions stats real [37, 96, 1858, 1862], aux [17, 20, 755]
saved model
Time 11h 27m 04s, episode reward 431.0, episode length 10001
actions stats real [17, 13, 93, 96], aux [4022, 27, 204]
saved model
Time 11h 28m 21s, episode reward 363.0, episode length 10001
actions stats real [9, 47, 76, 74], aux [4222, 14, 162]
saved model
Time 11h 29m 24s, episode reward 383.0, episode length 1806
actions stats real [6, 61, 92, 94], aux [40, 19, 175]
saved model
Time 11h 30m 38s, episode reward 431.0, episode length 10001
actions stats real [20, 22, 90, 97], aux [20, 2034, 200]
saved model
Time 11h 31m 41s, episode reward 419.0, episode length 2102
actions stats real [83, 100, 116, 117], aux [61, 29, 181]
saved model
Time 11h 33m 02s, episode reward 431.0, episode length 10001
actions stats real [8081, 13, 91, 92], aux [20, 19, 201]
saved model
Time 11h 34m 18s, episode reward 386.0, episode length 10001
actions stats real [20, 66, 90, 93], aux [4129, 14, 178]
saved model
Time 11h 35m 22s, episode reward 413.0, episode length 1943
actions stats real [33, 108, 100, 101], aux [29, 21, 183]
saved model
Time 11h 36m 39s, episode reward 431.0, episode length 10001
actions stats real [1765, 26, 91, 99], aux [3178, 16, 200]
saved model
Time 11h 37m 41s, episode reward 45.0, episode length 1093
actions stats real [2, 73, 58, 60], aux [14, 20, 99]
saved model
Time 11h 38m 57s, episode reward 431.0, episode length 10001
actions stats real [4, 39, 106, 142], aux [4003, 30, 198]
saved model
Time 11h 40m 00s, episode reward 406.0, episode length 1957
actions stats real [3, 205, 80, 85], aux [28, 34, 174]
saved model
Time 11h 41m 02s, episode reward 56.0, episode length 1093
actions stats real [7, 80, 79, 90], aux [8, 26, 90]
saved model
Time 11h 42m 14s, episode reward 431.0, episode length 10001
actions stats real [7, 14, 86, 87], aux [15, 23, 1212]
saved model
Time 11h 43m 16s, episode reward 29.0, episode length 812
actions stats real [3, 132, 40, 39], aux [3, 14, 67]
saved model
Time 11h 44m 20s, episode reward 431.0, episode length 2233
actions stats real [46, 166, 107, 91], aux [22, 33, 206]
saved model
Time 11h 45m 23s, episode reward 431.0, episode length 2107
actions stats real [9, 87, 122, 92], aux [18, 25, 208]
saved model
Time 11h 46m 27s, episode reward 432.0, episode length 2217
actions stats real [29, 97, 105, 104], aux [41, 52, 199]
saved model
Time 11h 47m 47s, episode reward 431.0, episode length 10001
actions stats real [8076, 16, 94, 89], aux [19, 20, 201]
saved model
Time 11h 49m 07s, episode reward 431.0, episode length 10001
actions stats real [8065, 8, 87, 92], aux [15, 28, 201]
saved model
Time 11h 50m 21s, episode reward 423.0, episode length 10001
actions stats real [19, 40, 99, 103], aux [23, 1992, 216]
saved model
Time 11h 51m 35s, episode reward 431.0, episode length 10001
actions stats real [15, 8, 87, 97], aux [16, 2043, 199]
saved model
Time 11h 52m 38s, episode reward 423.0, episode length 2081
actions stats real [10, 114, 91, 90], aux [18, 19, 208]
saved model
Time 11h 53m 54s, episode reward 431.0, episode length 10001
actions stats real [11, 11, 88, 89], aux [4062, 18, 201]
saved model
Time 11h 54m 57s, episode reward 369.0, episode length 1776
actions stats real [48, 58, 76, 75], aux [22, 19, 175]
saved model
Time 11h 56m 17s, episode reward 431.0, episode length 10001
actions stats real [8046, 17, 88, 92], aux [25, 17, 205]
saved model
Time 11h 57m 38s, episode reward 431.0, episode length 10001
actions stats real [1, 21, 8159, 95], aux [21, 19, 201]
saved model
Time 11h 58m 54s, episode reward 349.0, episode length 10001
actions stats real [8, 782, 612, 613], aux [383, 13, 896]
saved model
Time 11h 59m 56s, episode reward 54.0, episode length 1119
actions stats real [9, 91, 64, 66], aux [14, 32, 92]
saved model
Time 12h 01m 17s, episode reward 378.0, episode length 10001
actions stats real [8354, 38, 75, 76], aux [37, 14, 166]
saved model
Time 12h 02m 21s, episode reward 422.0, episode length 2083
actions stats real [53, 130, 88, 88], aux [32, 17, 199]
saved model
Time 12h 03m 37s, episode reward 431.0, episode length 10001
actions stats real [7, 16, 86, 87], aux [4046, 21, 204]
saved model
Time 12h 04m 40s, episode reward 431.0, episode length 2206
actions stats real [2, 248, 109, 89], aux [33, 19, 202]
saved model
Time 12h 06m 01s, episode reward 431.0, episode length 10001
actions stats real [3, 18, 8152, 89], aux [16, 25, 201]
saved model
Time 12h 07m 03s, episode reward 337.0, episode length 1501
actions stats real [1, 131, 57, 58], aux [8, 11, 150]
saved model
Time 12h 08m 06s, episode reward 375.0, episode length 1822
actions stats real [19, 73, 81, 83], aux [18, 31, 176]
saved model
Time 12h 09m 22s, episode reward 431.0, episode length 10001
actions stats real [18, 12, 90, 93], aux [4047, 18, 203]
saved model
Time 12h 10m 36s, episode reward 431.0, episode length 10001
actions stats real [13, 14, 90, 92], aux [15, 2027, 207]
saved model
Time 12h 11m 38s, episode reward 56.0, episode length 1262
actions stats real [14, 62, 74, 76], aux [18, 52, 99]
saved model
Time 12h 12m 58s, episode reward 431.0, episode length 10001
actions stats real [22, 4, 8105, 94], aux [14, 19, 209]
saved model
Time 12h 14m 19s, episode reward 431.0, episode length 10001
actions stats real [14, 8, 8158, 87], aux [17, 19, 203]
saved model
Time 12h 15m 21s, episode reward 29.0, episode length 927
actions stats real [5, 30, 46, 47], aux [36, 42, 70]
saved model
Time 12h 16m 22s, episode reward 16.0, episode length 683
actions stats real [0, 46, 43, 44], aux [25, 13, 56]
saved model
Time 12h 17m 45s, episode reward 8.0, episode length 10001
actions stats real [9721, 7, 18, 19], aux [2, 2, 28]
saved model
Time 12h 19m 02s, episode reward 21.0, episode length 10001
actions stats real [0, 36, 41, 39], aux [4685, 7, 61]
saved model
Time 12h 20m 04s, episode reward 18.0, episode length 609
actions stats real [115, 272, 26, 28], aux [8, 4, 17]
saved model
Time 12h 21m 05s, episode reward 3.0, episode length 216
actions stats real [0, 125, 1, 10], aux [0, 0, 10]
saved model
Time 12h 22m 05s, episode reward 3.0, episode length 212
actions stats real [0, 126, 1, 13], aux [0, 0, 9]
saved model
Time 12h 23m 06s, episode reward 0.0, episode length 122
actions stats real [31, 91, 0, 0], aux [0, 0, 0]
saved model
Time 12h 24m 07s, episode reward 3.0, episode length 212
actions stats real [4, 108, 0, 22], aux [1, 19, 0]
saved model
Time 12h 25m 20s, episode reward 0.0, episode length 10001
actions stats real [0, 0, 0, 0], aux [310, 504, 921]
saved model
Time 12h 26m 44s, episode reward 0.0, episode length 10001
actions stats real [0, 0, 0, 10001], aux [0, 0, 0]
saved model
Time 12h 28m 07s, episode reward 0.0, episode length 10001
actions stats real [0, 0, 0, 10001], aux [0, 0, 0]
saved model
Time 12h 29m 30s, episode reward 0.0, episode length 10001
actions stats real [0, 0, 0, 10001], aux [0, 0, 0]
saved model
Time 12h 30m 43s, episode reward 0.0, episode length 10001
actions stats real [0, 0, 0, 0], aux [0, 0, 1251]
saved model
Time 12h 31m 58s, episode reward 0.0, episode length 10001
actions stats real [0, 0, 0, 0], aux [0, 2501, 0]
saved model
Time 12h 33m 21s, episode reward 0.0, episode length 10001
actions stats real [0, 0, 0, 10001], aux [0, 0, 0]
saved model
Time 12h 34m 44s, episode reward 0.0, episode length 10001
actions stats real [0, 0, 0, 10001], aux [0, 0, 0]
saved model
Time 12h 36m 08s, episode reward 0.0, episode length 10001
actions stats real [0, 0, 0, 10001], aux [0, 0, 0]
saved model
Time 12h 37m 31s, episode reward 0.0, episode length 10001
actions stats real [0, 0, 0, 10001], aux [0, 0, 0]
saved model
Time 12h 38m 32s, episode reward 0.0, episode length 122
actions stats real [0, 121, 1, 0], aux [0, 0, 0]
saved model
Time 12h 39m 56s, episode reward 0.0, episode length 10001
actions stats real [0, 0, 0, 10001], aux [0, 0, 0]
saved model
Time 12h 41m 20s, episode reward 0.0, episode length 10001
actions stats real [0, 0, 0, 10001], aux [0, 0, 0]
saved model
Time 12h 42m 43s, episode reward 0.0, episode length 10001
actions stats real [10001, 0, 0, 0], aux [0, 0, 0]
saved model
Time 12h 43m 59s, episode reward 0.0, episode length 10001
actions stats real [0, 0, 0, 0], aux [0, 2501, 0]
saved model
Time 12h 45m 22s, episode reward 0.0, episode length 10001
actions stats real [0, 0, 0, 10001], aux [0, 0, 0]
saved model
Time 12h 46m 46s, episode reward 0.0, episode length 10001
actions stats real [0, 0, 0, 10001], aux [0, 0, 0]
saved model
Time 12h 48m 10s, episode reward 0.0, episode length 10001
actions stats real [0, 0, 0, 10001], aux [0, 0, 0]
saved model
Time 12h 49m 10s, episode reward 0.0, episode length 122
actions stats real [0, 122, 0, 0], aux [0, 0, 0]
saved model
Time 12h 50m 34s, episode reward 0.0, episode length 10001
actions stats real [0, 0, 0, 10001], aux [0, 0, 0]
saved model
Time 12h 51m 58s, episode reward 0.0, episode length 10001
actions stats real [0, 0, 0, 10001], aux [0, 0, 0]
saved model
Time 12h 53m 21s, episode reward 0.0, episode length 10001
actions stats real [0, 0, 0, 10001], aux [0, 0, 0]
saved model
Time 12h 54m 45s, episode reward 0.0, episode length 10001
actions stats real [0, 0, 0, 10001], aux [0, 0, 0]
saved model
Time 12h 56m 09s, episode reward 0.0, episode length 10001
actions stats real [0, 0, 0, 10001], aux [0, 0, 0]
saved model
Time 12h 57m 09s, episode reward 0.0, episode length 122
actions stats real [0, 122, 0, 0], aux [0, 0, 0]
saved model
Time 12h 58m 10s, episode reward 0.0, episode length 122
actions stats real [0, 122, 0, 0], aux [0, 0, 0]
saved model
Time 12h 59m 11s, episode reward 0.0, episode length 122
actions stats real [0, 122, 0, 0], aux [0, 0, 0]
saved model
Time 13h 00m 11s, episode reward 0.0, episode length 122
actions stats real [0, 122, 0, 0], aux [0, 0, 0]
saved model
Time 13h 01m 12s, episode reward 0.0, episode length 122
actions stats real [0, 122, 0, 0], aux [0, 0, 0]
saved model
Time 13h 02m 12s, episode reward 0.0, episode length 122
actions stats real [0, 122, 0, 0], aux [0, 0, 0]
saved model
Time 13h 03m 13s, episode reward 0.0, episode length 122
actions stats real [0, 122, 0, 0], aux [0, 0, 0]
saved model
Time 13h 04m 14s, episode reward 0.0, episode length 122
actions stats real [0, 122, 0, 0], aux [0, 0, 0]
saved model
Time 13h 05m 14s, episode reward 0.0, episode length 122
actions stats real [0, 122, 0, 0], aux [0, 0, 0]
saved model
Time 13h 06m 15s, episode reward 0.0, episode length 122
actions stats real [0, 122, 0, 0], aux [0, 0, 0]
saved model
Time 13h 07m 15s, episode reward 0.0, episode length 122
actions stats real [0, 122, 0, 0], aux [0, 0, 0]
saved model
Time 13h 08m 16s, episode reward 0.0, episode length 122
actions stats real [0, 122, 0, 0], aux [0, 0, 0]
saved model
Time 13h 09m 17s, episode reward 0.0, episode length 122
actions stats real [0, 122, 0, 0], aux [0, 0, 0]
saved model
Time 13h 10m 17s, episode reward 0.0, episode length 122
actions stats real [0, 122, 0, 0], aux [0, 0, 0]
saved model
Time 13h 11m 18s, episode reward 0.0, episode length 122
actions stats real [0, 122, 0, 0], aux [0, 0, 0]
saved model
Time 13h 12m 18s, episode reward 0.0, episode length 122
actions stats real [0, 122, 0, 0], aux [0, 0, 0]
saved model
Time 13h 13m 19s, episode reward 0.0, episode length 122
actions stats real [0, 122, 0, 0], aux [0, 0, 0]
saved model
Time 13h 14m 20s, episode reward 0.0, episode length 122
actions stats real [0, 122, 0, 0], aux [0, 0, 0]
saved model
Time 13h 15m 20s, episode reward 0.0, episode length 122
actions stats real [0, 122, 0, 0], aux [0, 0, 0]
saved model
Time 13h 16m 21s, episode reward 0.0, episode length 122
actions stats real [0, 122, 0, 0], aux [0, 0, 0]
saved model
Time 13h 17m 21s, episode reward 0.0, episode length 122
actions stats real [0, 122, 0, 0], aux [0, 0, 0]
saved model
Time 13h 18m 22s, episode reward 0.0, episode length 122
actions stats real [0, 122, 0, 0], aux [0, 0, 0]
saved model
Time 13h 19m 23s, episode reward 0.0, episode length 122
actions stats real [0, 122, 0, 0], aux [0, 0, 0]
saved model
Time 13h 20m 23s, episode reward 0.0, episode length 122
actions stats real [0, 122, 0, 0], aux [0, 0, 0]
saved model
Time 13h 21m 24s, episode reward 0.0, episode length 122
actions stats real [0, 122, 0, 0], aux [0, 0, 0]
saved model
Time 13h 22m 24s, episode reward 0.0, episode length 122
actions stats real [0, 122, 0, 0], aux [0, 0, 0]
saved model
Time 13h 23m 25s, episode reward 0.0, episode length 122
actions stats real [0, 122, 0, 0], aux [0, 0, 0]
saved model
Time 13h 24m 25s, episode reward 0.0, episode length 122
actions stats real [0, 122, 0, 0], aux [0, 0, 0]
saved model
Time 13h 25m 26s, episode reward 0.0, episode length 122
actions stats real [0, 122, 0, 0], aux [0, 0, 0]
saved model
Time 13h 26m 27s, episode reward 0.0, episode length 122
actions stats real [0, 122, 0, 0], aux [0, 0, 0]
saved model
Time 13h 27m 27s, episode reward 0.0, episode length 122
actions stats real [0, 122, 0, 0], aux [0, 0, 0]
saved model
Time 13h 28m 28s, episode reward 0.0, episode length 122
actions stats real [0, 122, 0, 0], aux [0, 0, 0]
saved model
Time 13h 29m 28s, episode reward 0.0, episode length 122
actions stats real [0, 122, 0, 0], aux [0, 0, 0]
saved model
Time 13h 30m 29s, episode reward 0.0, episode length 122
actions stats real [0, 122, 0, 0], aux [0, 0, 0]
saved model
Time 13h 31m 47s, episode reward 0.0, episode length 10001
actions stats real [0, 0, 0, 0], aux [5001, 0, 0]
saved model
Time 13h 33m 06s, episode reward 0.0, episode length 10001
actions stats real [0, 0, 0, 0], aux [5001, 0, 0]
saved model
Time 13h 34m 24s, episode reward 0.0, episode length 10001
actions stats real [0, 0, 0, 0], aux [5001, 0, 0]
saved model
Time 13h 35m 42s, episode reward 0.0, episode length 10001
actions stats real [0, 0, 0, 0], aux [5001, 0, 0]
saved model
Time 13h 37m 00s, episode reward 0.0, episode length 10001
actions stats real [0, 0, 0, 0], aux [5001, 0, 0]
saved model
Time 13h 38m 19s, episode reward 0.0, episode length 10001
actions stats real [0, 0, 0, 0], aux [5001, 0, 0]
saved model
Time 13h 39m 37s, episode reward 0.0, episode length 10001
actions stats real [0, 0, 0, 0], aux [5001, 0, 0]
saved model
Time 13h 40m 55s, episode reward 0.0, episode length 10001
actions stats real [0, 0, 0, 0], aux [5001, 0, 0]
saved model
Time 13h 42m 14s, episode reward 0.0, episode length 10001
actions stats real [0, 0, 0, 0], aux [5001, 0, 0]
saved model
Time 13h 43m 32s, episode reward 0.0, episode length 10001
actions stats real [0, 0, 0, 0], aux [5001, 0, 0]
saved model
Time 13h 44m 50s, episode reward 0.0, episode length 10001
actions stats real [0, 0, 0, 0], aux [5001, 0, 0]
saved model
Time 13h 46m 08s, episode reward 0.0, episode length 10001
actions stats real [0, 0, 0, 0], aux [5001, 0, 0]
saved model
Time 13h 47m 27s, episode reward 0.0, episode length 10001
actions stats real [0, 0, 0, 0], aux [5001, 0, 0]
saved model
Time 13h 48m 27s, episode reward 0.0, episode length 122
actions stats real [0, 110, 0, 0], aux [6, 0, 0]
saved model
Time 13h 49m 28s, episode reward 0.0, episode length 122
actions stats real [0, 114, 0, 0], aux [4, 0, 0]
saved model
Time 13h 50m 29s, episode reward 0.0, episode length 122
actions stats real [0, 122, 0, 0], aux [0, 0, 0]
saved model
Time 13h 51m 29s, episode reward 0.0, episode length 122
actions stats real [0, 122, 0, 0], aux [0, 0, 0]
saved model
Time 13h 52m 30s, episode reward 0.0, episode length 122
actions stats real [0, 122, 0, 0], aux [0, 0, 0]
saved model
Time 13h 53m 30s, episode reward 0.0, episode length 122
actions stats real [0, 122, 0, 0], aux [0, 0, 0]
saved model
Time 13h 54m 31s, episode reward 0.0, episode length 122
actions stats real [0, 122, 0, 0], aux [0, 0, 0]
saved model
Time 13h 55m 31s, episode reward 0.0, episode length 122
actions stats real [0, 122, 0, 0], aux [0, 0, 0]
saved model
Time 13h 56m 32s, episode reward 0.0, episode length 122
actions stats real [0, 122, 0, 0], aux [0, 0, 0]
saved model
Time 13h 57m 33s, episode reward 0.0, episode length 122
actions stats real [0, 122, 0, 0], aux [0, 0, 0]
saved model
Time 13h 58m 33s, episode reward 0.0, episode length 122
actions stats real [0, 122, 0, 0], aux [0, 0, 0]
saved model
Time 13h 59m 52s, episode reward 0.0, episode length 10001
actions stats real [0, 0, 0, 1], aux [5000, 0, 0]
saved model
Time 14h 01m 16s, episode reward 1.0, episode length 10001
actions stats real [0, 4, 0, 9987], aux [3, 1, 0]
saved model
Time 14h 02m 39s, episode reward 1.0, episode length 10001
actions stats real [0, 4, 0, 9987], aux [3, 1, 0]
saved model
Time 14h 03m 40s, episode reward 0.0, episode length 122
actions stats real [0, 122, 0, 0], aux [0, 0, 0]
saved model
Time 14h 04m 41s, episode reward 0.0, episode length 122
actions stats real [0, 122, 0, 0], aux [0, 0, 0]
saved model
Time 14h 05m 41s, episode reward 0.0, episode length 122
actions stats real [0, 122, 0, 0], aux [0, 0, 0]
saved model
Time 14h 06m 42s, episode reward 0.0, episode length 122
actions stats real [0, 122, 0, 0], aux [0, 0, 0]
saved model
Time 14h 08m 00s, episode reward 0.0, episode length 10001
actions stats real [0, 0, 0, 0], aux [5001, 0, 0]
saved model
Time 14h 09m 18s, episode reward 0.0, episode length 10001
actions stats real [0, 0, 0, 0], aux [5001, 0, 0]
saved model
Time 14h 10m 19s, episode reward 0.0, episode length 122
actions stats real [0, 122, 0, 0], aux [0, 0, 0]
saved model
Time 14h 11m 43s, episode reward 0.0, episode length 10001
actions stats real [10001, 0, 0, 0], aux [0, 0, 0]
saved model
Time 14h 13m 01s, episode reward 0.0, episode length 10001
actions stats real [0, 0, 0, 0], aux [5001, 0, 0]
saved model
Time 14h 14m 02s, episode reward 0.0, episode length 122
actions stats real [0, 122, 0, 0], aux [0, 0, 0]
saved model
Time 14h 15m 02s, episode reward 0.0, episode length 122
actions stats real [0, 122, 0, 0], aux [0, 0, 0]
saved model
Time 14h 16m 20s, episode reward 0.0, episode length 10001
actions stats real [0, 0, 0, 0], aux [5001, 0, 0]
saved model
Time 14h 17m 21s, episode reward 0.0, episode length 122
actions stats real [0, 122, 0, 0], aux [0, 0, 0]
saved model
Time 14h 18m 39s, episode reward 0.0, episode length 10001
actions stats real [0, 0, 0, 0], aux [5001, 0, 0]
saved model
Time 14h 19m 40s, episode reward 0.0, episode length 122
actions stats real [0, 122, 0, 0], aux [0, 0, 0]
saved model
Time 14h 21m 03s, episode reward 0.0, episode length 10001
actions stats real [10001, 0, 0, 0], aux [0, 0, 0]
saved model
Time 14h 22m 04s, episode reward 0.0, episode length 122
actions stats real [0, 122, 0, 0], aux [0, 0, 0]
saved model
Time 14h 23m 04s, episode reward 0.0, episode length 122
actions stats real [0, 122, 0, 0], aux [0, 0, 0]
saved model
Time 14h 24m 05s, episode reward 0.0, episode length 122
actions stats real [0, 122, 0, 0], aux [0, 0, 0]
saved model
Time 14h 25m 06s, episode reward 0.0, episode length 122
actions stats real [0, 122, 0, 0], aux [0, 0, 0]
saved model
Time 14h 26m 06s, episode reward 0.0, episode length 122
actions stats real [0, 122, 0, 0], aux [0, 0, 0]
saved model
Time 14h 27m 07s, episode reward 0.0, episode length 122
actions stats real [0, 122, 0, 0], aux [0, 0, 0]
saved model
Time 14h 28m 07s, episode reward 0.0, episode length 122
actions stats real [0, 122, 0, 0], aux [0, 0, 0]
saved model
Time 14h 29m 08s, episode reward 0.0, episode length 122
actions stats real [0, 122, 0, 0], aux [0, 0, 0]
saved model
Time 14h 30m 09s, episode reward 0.0, episode length 122
actions stats real [0, 122, 0, 0], aux [0, 0, 0]
saved model
Time 14h 31m 09s, episode reward 0.0, episode length 122
actions stats real [0, 122, 0, 0], aux [0, 0, 0]
saved model
Time 14h 32m 10s, episode reward 0.0, episode length 122
actions stats real [0, 122, 0, 0], aux [0, 0, 0]
saved model
Time 14h 33m 10s, episode reward 0.0, episode length 122
actions stats real [0, 122, 0, 0], aux [0, 0, 0]
saved model
Time 14h 34m 11s, episode reward 0.0, episode length 122
actions stats real [0, 122, 0, 0], aux [0, 0, 0]
saved model
Time 14h 35m 12s, episode reward 0.0, episode length 122
actions stats real [0, 122, 0, 0], aux [0, 0, 0]
saved model
Time 14h 36m 12s, episode reward 0.0, episode length 122
actions stats real [0, 122, 0, 0], aux [0, 0, 0]
saved model
Time 14h 37m 13s, episode reward 0.0, episode length 122
actions stats real [0, 122, 0, 0], aux [0, 0, 0]
saved model
Time 14h 38m 13s, episode reward 0.0, episode length 122
actions stats real [0, 122, 0, 0], aux [0, 0, 0]
saved model
Time 14h 39m 14s, episode reward 0.0, episode length 122
actions stats real [0, 122, 0, 0], aux [0, 0, 0]
